{"/var/www/cerebro/CodingBootcamp/projects/express-jobly/app.js": {"path":"/var/www/cerebro/CodingBootcamp/projects/express-jobly/app.js","statementMap":{"0":{"start":{"line":5,"column":16},"end":{"line":5,"column":34}},"1":{"start":{"line":6,"column":13},"end":{"line":6,"column":28}},"2":{"start":{"line":8,"column":26},"end":{"line":8,"column":51}},"3":{"start":{"line":10,"column":28},"end":{"line":10,"column":56}},"4":{"start":{"line":11,"column":19},"end":{"line":11,"column":43}},"5":{"start":{"line":12,"column":24},"end":{"line":12,"column":53}},"6":{"start":{"line":13,"column":20},"end":{"line":13,"column":45}},"7":{"start":{"line":14,"column":19},"end":{"line":14,"column":43}},"8":{"start":{"line":15,"column":27},"end":{"line":15,"column":59}},"9":{"start":{"line":17,"column":15},"end":{"line":17,"column":32}},"10":{"start":{"line":19,"column":12},"end":{"line":19,"column":21}},"11":{"start":{"line":21,"column":0},"end":{"line":21,"column":16}},"12":{"start":{"line":22,"column":0},"end":{"line":22,"column":24}},"13":{"start":{"line":23,"column":0},"end":{"line":23,"column":24}},"14":{"start":{"line":24,"column":0},"end":{"line":24,"column":25}},"15":{"start":{"line":26,"column":0},"end":{"line":26,"column":29}},"16":{"start":{"line":27,"column":0},"end":{"line":27,"column":39}},"17":{"start":{"line":28,"column":0},"end":{"line":28,"column":31}},"18":{"start":{"line":29,"column":0},"end":{"line":29,"column":29}},"19":{"start":{"line":30,"column":0},"end":{"line":30,"column":45}},"20":{"start":{"line":34,"column":0},"end":{"line":36,"column":3}},"21":{"start":{"line":35,"column":2},"end":{"line":35,"column":35}},"22":{"start":{"line":39,"column":0},"end":{"line":47,"column":3}},"23":{"start":{"line":40,"column":2},"end":{"line":40,"column":64}},"24":{"start":{"line":40,"column":39},"end":{"line":40,"column":64}},"25":{"start":{"line":41,"column":17},"end":{"line":41,"column":34}},"26":{"start":{"line":42,"column":18},"end":{"line":42,"column":29}},"27":{"start":{"line":44,"column":2},"end":{"line":46,"column":5}},"28":{"start":{"line":49,"column":0},"end":{"line":49,"column":21}}},"fnMap":{"0":{"name":"(anonymous_0)","decl":{"start":{"line":34,"column":8},"end":{"line":34,"column":9}},"loc":{"start":{"line":34,"column":34},"end":{"line":36,"column":1}},"line":34},"1":{"name":"(anonymous_1)","decl":{"start":{"line":39,"column":8},"end":{"line":39,"column":9}},"loc":{"start":{"line":39,"column":39},"end":{"line":47,"column":1}},"line":39}},"branchMap":{"0":{"loc":{"start":{"line":40,"column":2},"end":{"line":40,"column":64}},"type":"if","locations":[{"start":{"line":40,"column":2},"end":{"line":40,"column":64}},{"start":{},"end":{}}],"line":40},"1":{"loc":{"start":{"line":41,"column":17},"end":{"line":41,"column":34}},"type":"binary-expr","locations":[{"start":{"line":41,"column":17},"end":{"line":41,"column":27}},{"start":{"line":41,"column":31},"end":{"line":41,"column":34}}],"line":41}},"s":{"0":6,"1":6,"2":6,"3":6,"4":6,"5":6,"6":6,"7":6,"8":6,"9":6,"10":6,"11":6,"12":6,"13":6,"14":6,"15":6,"16":6,"17":6,"18":6,"19":6,"20":6,"21":2,"22":6,"23":45,"24":1,"25":45,"26":45,"27":45,"28":6},"f":{"0":2,"1":45},"b":{"0":[1,44],"1":[45,15]},"_coverageSchema":"1a1c01bbd47fc00a2c39e90264f33305004495a9","hash":"93973afdfc259faafd252eeca90c1b12aa54196a"}
,"/var/www/cerebro/CodingBootcamp/projects/express-jobly/config.js": {"path":"/var/www/cerebro/CodingBootcamp/projects/express-jobly/config.js","statementMap":{"0":{"start":{"line":5,"column":0},"end":{"line":5,"column":27}},"1":{"start":{"line":6,"column":0},"end":{"line":6,"column":18}},"2":{"start":{"line":7,"column":11},"end":{"line":7,"column":24}},"3":{"start":{"line":9,"column":19},"end":{"line":9,"column":57}},"4":{"start":{"line":11,"column":13},"end":{"line":11,"column":38}},"5":{"start":{"line":13,"column":18},"end":{"line":13,"column":122}},"6":{"start":{"line":16,"column":2},"end":{"line":18,"column":70}},"7":{"start":{"line":32,"column":27},"end":{"line":32,"column":67}},"8":{"start":{"line":34,"column":0},"end":{"line":34,"column":35}},"9":{"start":{"line":35,"column":0},"end":{"line":35,"column":46}},"10":{"start":{"line":36,"column":0},"end":{"line":36,"column":45}},"11":{"start":{"line":37,"column":0},"end":{"line":37,"column":61}},"12":{"start":{"line":38,"column":0},"end":{"line":38,"column":50}},"13":{"start":{"line":39,"column":0},"end":{"line":39,"column":19}},"14":{"start":{"line":41,"column":0},"end":{"line":46,"column":2}}},"fnMap":{"0":{"name":"getDatabaseUri","decl":{"start":{"line":15,"column":9},"end":{"line":15,"column":23}},"loc":{"start":{"line":15,"column":26},"end":{"line":19,"column":1}},"line":15}},"branchMap":{"0":{"loc":{"start":{"line":9,"column":19},"end":{"line":9,"column":57}},"type":"binary-expr","locations":[{"start":{"line":9,"column":19},"end":{"line":9,"column":41}},{"start":{"line":9,"column":45},"end":{"line":9,"column":57}}],"line":9},"1":{"loc":{"start":{"line":11,"column":13},"end":{"line":11,"column":38}},"type":"binary-expr","locations":[{"start":{"line":11,"column":13},"end":{"line":11,"column":30}},{"start":{"line":11,"column":34},"end":{"line":11,"column":38}}],"line":11},"2":{"loc":{"start":{"line":16,"column":9},"end":{"line":18,"column":69}},"type":"cond-expr","locations":[{"start":{"line":17,"column":10},"end":{"line":17,"column":74}},{"start":{"line":18,"column":10},"end":{"line":18,"column":69}}],"line":16},"3":{"loc":{"start":{"line":32,"column":27},"end":{"line":32,"column":67}},"type":"cond-expr","locations":[{"start":{"line":32,"column":61},"end":{"line":32,"column":62}},{"start":{"line":32,"column":65},"end":{"line":32,"column":67}}],"line":32}},"s":{"0":13,"1":13,"2":13,"3":13,"4":13,"5":13,"6":24,"7":13,"8":13,"9":13,"10":13,"11":13,"12":13,"13":13,"14":13},"f":{"0":24},"b":{"0":[13,12],"1":[13,12],"2":[22,2],"3":[12,1]},"_coverageSchema":"1a1c01bbd47fc00a2c39e90264f33305004495a9","hash":"2d658f20800076f91aec68a3d96c9cfb8127638a"}
,"/var/www/cerebro/CodingBootcamp/projects/express-jobly/db.js": {"path":"/var/www/cerebro/CodingBootcamp/projects/express-jobly/db.js","statementMap":{"0":{"start":{"line":3,"column":19},"end":{"line":3,"column":32}},"1":{"start":{"line":4,"column":27},"end":{"line":4,"column":46}},"2":{"start":{"line":8,"column":0},"end":{"line":19,"column":1}},"3":{"start":{"line":9,"column":2},"end":{"line":14,"column":5}},"4":{"start":{"line":16,"column":2},"end":{"line":18,"column":5}},"5":{"start":{"line":21,"column":0},"end":{"line":21,"column":13}},"6":{"start":{"line":23,"column":0},"end":{"line":23,"column":20}}},"fnMap":{},"branchMap":{"0":{"loc":{"start":{"line":8,"column":0},"end":{"line":19,"column":1}},"type":"if","locations":[{"start":{"line":8,"column":0},"end":{"line":19,"column":1}},{"start":{"line":15,"column":7},"end":{"line":19,"column":1}}],"line":8}},"s":{"0":10,"1":10,"2":10,"3":0,"4":10,"5":10,"6":10},"f":{},"b":{"0":[0,10]},"_coverageSchema":"1a1c01bbd47fc00a2c39e90264f33305004495a9","hash":"45934fd90d75e45bf070308152b71b401f474665"}
,"/var/www/cerebro/CodingBootcamp/projects/express-jobly/expressError.js": {"path":"/var/www/cerebro/CodingBootcamp/projects/express-jobly/expressError.js","statementMap":{"0":{"start":{"line":9,"column":4},"end":{"line":9,"column":12}},"1":{"start":{"line":10,"column":4},"end":{"line":10,"column":27}},"2":{"start":{"line":11,"column":4},"end":{"line":11,"column":25}},"3":{"start":{"line":19,"column":4},"end":{"line":19,"column":24}},"4":{"start":{"line":27,"column":4},"end":{"line":27,"column":24}},"5":{"start":{"line":35,"column":4},"end":{"line":35,"column":24}},"6":{"start":{"line":43,"column":4},"end":{"line":43,"column":24}},"7":{"start":{"line":47,"column":0},"end":{"line":53,"column":2}}},"fnMap":{"0":{"name":"(anonymous_0)","decl":{"start":{"line":8,"column":2},"end":{"line":8,"column":3}},"loc":{"start":{"line":8,"column":31},"end":{"line":12,"column":3}},"line":8},"1":{"name":"(anonymous_1)","decl":{"start":{"line":18,"column":2},"end":{"line":18,"column":3}},"loc":{"start":{"line":18,"column":37},"end":{"line":20,"column":3}},"line":18},"2":{"name":"(anonymous_2)","decl":{"start":{"line":26,"column":2},"end":{"line":26,"column":3}},"loc":{"start":{"line":26,"column":40},"end":{"line":28,"column":3}},"line":26},"3":{"name":"(anonymous_3)","decl":{"start":{"line":34,"column":2},"end":{"line":34,"column":3}},"loc":{"start":{"line":34,"column":39},"end":{"line":36,"column":3}},"line":34},"4":{"name":"(anonymous_4)","decl":{"start":{"line":42,"column":2},"end":{"line":42,"column":3}},"loc":{"start":{"line":42,"column":39},"end":{"line":44,"column":3}},"line":42}},"branchMap":{"0":{"loc":{"start":{"line":18,"column":14},"end":{"line":18,"column":35}},"type":"default-arg","locations":[{"start":{"line":18,"column":24},"end":{"line":18,"column":35}}],"line":18},"1":{"loc":{"start":{"line":26,"column":14},"end":{"line":26,"column":38}},"type":"default-arg","locations":[{"start":{"line":26,"column":24},"end":{"line":26,"column":38}}],"line":26},"2":{"loc":{"start":{"line":34,"column":14},"end":{"line":34,"column":37}},"type":"default-arg","locations":[{"start":{"line":34,"column":24},"end":{"line":34,"column":37}}],"line":34},"3":{"loc":{"start":{"line":42,"column":14},"end":{"line":42,"column":37}},"type":"default-arg","locations":[{"start":{"line":42,"column":24},"end":{"line":42,"column":37}}],"line":42}},"s":{"0":49,"1":49,"2":49,"3":23,"4":5,"5":21,"6":0,"7":13},"f":{"0":49,"1":23,"2":5,"3":21,"4":0},"b":{"0":[2],"1":[1],"2":[0],"3":[0]},"_coverageSchema":"1a1c01bbd47fc00a2c39e90264f33305004495a9","hash":"9282c249024e9ddf9053934ef85a305b1425d216"}
,"/var/www/cerebro/CodingBootcamp/projects/express-jobly/helpers/sql.js": {"path":"/var/www/cerebro/CodingBootcamp/projects/express-jobly/helpers/sql.js","statementMap":{"0":{"start":{"line":1,"column":28},"end":{"line":1,"column":54}},"1":{"start":{"line":11,"column":15},"end":{"line":11,"column":40}},"2":{"start":{"line":12,"column":2},"end":{"line":12,"column":62}},"3":{"start":{"line":12,"column":25},"end":{"line":12,"column":62}},"4":{"start":{"line":15,"column":15},"end":{"line":17,"column":3}},"5":{"start":{"line":16,"column":6},"end":{"line":16,"column":52}},"6":{"start":{"line":19,"column":2},"end":{"line":22,"column":4}},"7":{"start":{"line":25,"column":0},"end":{"line":25,"column":41}}},"fnMap":{"0":{"name":"sqlForPartialUpdate","decl":{"start":{"line":10,"column":9},"end":{"line":10,"column":28}},"loc":{"start":{"line":10,"column":52},"end":{"line":23,"column":1}},"line":10},"1":{"name":"(anonymous_1)","decl":{"start":{"line":15,"column":24},"end":{"line":15,"column":25}},"loc":{"start":{"line":16,"column":6},"end":{"line":16,"column":52}},"line":16}},"branchMap":{"0":{"loc":{"start":{"line":12,"column":2},"end":{"line":12,"column":62}},"type":"if","locations":[{"start":{"line":12,"column":2},"end":{"line":12,"column":62}},{"start":{},"end":{}}],"line":12},"1":{"loc":{"start":{"line":16,"column":10},"end":{"line":16,"column":37}},"type":"binary-expr","locations":[{"start":{"line":16,"column":10},"end":{"line":16,"column":26}},{"start":{"line":16,"column":30},"end":{"line":16,"column":37}}],"line":16}},"s":{"0":10,"1":20,"2":20,"3":3,"4":17,"5":36,"6":17,"7":10},"f":{"0":20,"1":36},"b":{"0":[3,17],"1":[36,22]},"_coverageSchema":"1a1c01bbd47fc00a2c39e90264f33305004495a9","hash":"3fc66a5f0e59d9d3904cc19691aaedff7eb87f31"}
,"/var/www/cerebro/CodingBootcamp/projects/express-jobly/helpers/tokens.js": {"path":"/var/www/cerebro/CodingBootcamp/projects/express-jobly/helpers/tokens.js","statementMap":{"0":{"start":{"line":1,"column":12},"end":{"line":1,"column":35}},"1":{"start":{"line":2,"column":23},"end":{"line":2,"column":43}},"2":{"start":{"line":7,"column":2},"end":{"line":8,"column":58}},"3":{"start":{"line":10,"column":16},"end":{"line":13,"column":3}},"4":{"start":{"line":15,"column":2},"end":{"line":15,"column":39}},"5":{"start":{"line":18,"column":0},"end":{"line":18,"column":33}}},"fnMap":{"0":{"name":"createToken","decl":{"start":{"line":6,"column":9},"end":{"line":6,"column":20}},"loc":{"start":{"line":6,"column":27},"end":{"line":16,"column":1}},"line":6}},"branchMap":{"0":{"loc":{"start":{"line":12,"column":13},"end":{"line":12,"column":34}},"type":"binary-expr","locations":[{"start":{"line":12,"column":13},"end":{"line":12,"column":25}},{"start":{"line":12,"column":29},"end":{"line":12,"column":34}}],"line":12}},"s":{"0":7,"1":7,"2":17,"3":17,"4":17,"5":7},"f":{"0":17},"b":{"0":[17,10]},"_coverageSchema":"1a1c01bbd47fc00a2c39e90264f33305004495a9","hash":"8785d5841d810da5eca69e8ae047afd2ae64248e"}
,"/var/www/cerebro/CodingBootcamp/projects/express-jobly/helpers/where.js": {"path":"/var/www/cerebro/CodingBootcamp/projects/express-jobly/helpers/where.js","statementMap":{"0":{"start":{"line":1,"column":28},"end":{"line":1,"column":54}},"1":{"start":{"line":10,"column":4},"end":{"line":10,"column":66}},"2":{"start":{"line":10,"column":56},"end":{"line":10,"column":66}},"3":{"start":{"line":12,"column":26},"end":{"line":12,"column":33}},"4":{"start":{"line":13,"column":21},"end":{"line":13,"column":23}},"5":{"start":{"line":14,"column":12},"end":{"line":14,"column":13}},"6":{"start":{"line":16,"column":4},"end":{"line":27,"column":5}},"7":{"start":{"line":17,"column":8},"end":{"line":21,"column":9}},"8":{"start":{"line":18,"column":12},"end":{"line":18,"column":51}},"9":{"start":{"line":19,"column":12},"end":{"line":19,"column":56}},"10":{"start":{"line":20,"column":12},"end":{"line":20,"column":16}},"11":{"start":{"line":22,"column":8},"end":{"line":26,"column":9}},"12":{"start":{"line":23,"column":12},"end":{"line":23,"column":52}},"13":{"start":{"line":24,"column":12},"end":{"line":24,"column":56}},"14":{"start":{"line":25,"column":12},"end":{"line":25,"column":16}},"15":{"start":{"line":31,"column":4},"end":{"line":36,"column":5}},"16":{"start":{"line":32,"column":8},"end":{"line":32,"column":45}},"17":{"start":{"line":32,"column":19},"end":{"line":32,"column":45}},"18":{"start":{"line":33,"column":8},"end":{"line":33,"column":53}},"19":{"start":{"line":34,"column":8},"end":{"line":34,"column":46}},"20":{"start":{"line":35,"column":8},"end":{"line":35,"column":12}},"21":{"start":{"line":38,"column":4},"end":{"line":42,"column":5}},"22":{"start":{"line":39,"column":8},"end":{"line":39,"column":45}},"23":{"start":{"line":39,"column":19},"end":{"line":39,"column":45}},"24":{"start":{"line":40,"column":8},"end":{"line":40,"column":53}},"25":{"start":{"line":41,"column":8},"end":{"line":41,"column":46}},"26":{"start":{"line":46,"column":4},"end":{"line":51,"column":5}},"27":{"start":{"line":47,"column":8},"end":{"line":47,"column":45}},"28":{"start":{"line":47,"column":19},"end":{"line":47,"column":45}},"29":{"start":{"line":48,"column":8},"end":{"line":48,"column":46}},"30":{"start":{"line":49,"column":8},"end":{"line":49,"column":43}},"31":{"start":{"line":50,"column":8},"end":{"line":50,"column":12}},"32":{"start":{"line":53,"column":4},"end":{"line":56,"column":5}},"33":{"start":{"line":54,"column":8},"end":{"line":54,"column":45}},"34":{"start":{"line":54,"column":19},"end":{"line":54,"column":45}},"35":{"start":{"line":55,"column":8},"end":{"line":55,"column":41}},"36":{"start":{"line":59,"column":4},"end":{"line":64,"column":5}},"37":{"start":{"line":60,"column":8},"end":{"line":60,"column":45}},"38":{"start":{"line":60,"column":19},"end":{"line":60,"column":45}},"39":{"start":{"line":61,"column":8},"end":{"line":61,"column":47}},"40":{"start":{"line":62,"column":8},"end":{"line":62,"column":42}},"41":{"start":{"line":63,"column":8},"end":{"line":63,"column":12}},"42":{"start":{"line":65,"column":4},"end":{"line":69,"column":5}},"43":{"start":{"line":66,"column":8},"end":{"line":66,"column":45}},"44":{"start":{"line":66,"column":19},"end":{"line":66,"column":45}},"45":{"start":{"line":67,"column":8},"end":{"line":67,"column":45}},"46":{"start":{"line":68,"column":8},"end":{"line":68,"column":39}},"47":{"start":{"line":71,"column":4},"end":{"line":71,"column":57}},"48":{"start":{"line":74,"column":0},"end":{"line":74,"column":30}}},"fnMap":{"0":{"name":"getWhere","decl":{"start":{"line":9,"column":9},"end":{"line":9,"column":17}},"loc":{"start":{"line":9,"column":33},"end":{"line":72,"column":1}},"line":9}},"branchMap":{"0":{"loc":{"start":{"line":10,"column":4},"end":{"line":10,"column":66}},"type":"if","locations":[{"start":{"line":10,"column":4},"end":{"line":10,"column":66}},{"start":{},"end":{}}],"line":10},"1":{"loc":{"start":{"line":10,"column":8},"end":{"line":10,"column":53}},"type":"binary-expr","locations":[{"start":{"line":10,"column":8},"end":{"line":10,"column":16}},{"start":{"line":10,"column":20},"end":{"line":10,"column":53}}],"line":10},"2":{"loc":{"start":{"line":16,"column":4},"end":{"line":27,"column":5}},"type":"if","locations":[{"start":{"line":16,"column":4},"end":{"line":27,"column":5}},{"start":{},"end":{}}],"line":16},"3":{"loc":{"start":{"line":17,"column":8},"end":{"line":21,"column":9}},"type":"if","locations":[{"start":{"line":17,"column":8},"end":{"line":21,"column":9}},{"start":{},"end":{}}],"line":17},"4":{"loc":{"start":{"line":22,"column":8},"end":{"line":26,"column":9}},"type":"if","locations":[{"start":{"line":22,"column":8},"end":{"line":26,"column":9}},{"start":{},"end":{}}],"line":22},"5":{"loc":{"start":{"line":31,"column":4},"end":{"line":36,"column":5}},"type":"if","locations":[{"start":{"line":31,"column":4},"end":{"line":36,"column":5}},{"start":{},"end":{}}],"line":31},"6":{"loc":{"start":{"line":32,"column":8},"end":{"line":32,"column":45}},"type":"if","locations":[{"start":{"line":32,"column":8},"end":{"line":32,"column":45}},{"start":{},"end":{}}],"line":32},"7":{"loc":{"start":{"line":38,"column":4},"end":{"line":42,"column":5}},"type":"if","locations":[{"start":{"line":38,"column":4},"end":{"line":42,"column":5}},{"start":{},"end":{}}],"line":38},"8":{"loc":{"start":{"line":39,"column":8},"end":{"line":39,"column":45}},"type":"if","locations":[{"start":{"line":39,"column":8},"end":{"line":39,"column":45}},{"start":{},"end":{}}],"line":39},"9":{"loc":{"start":{"line":46,"column":4},"end":{"line":51,"column":5}},"type":"if","locations":[{"start":{"line":46,"column":4},"end":{"line":51,"column":5}},{"start":{},"end":{}}],"line":46},"10":{"loc":{"start":{"line":47,"column":8},"end":{"line":47,"column":45}},"type":"if","locations":[{"start":{"line":47,"column":8},"end":{"line":47,"column":45}},{"start":{},"end":{}}],"line":47},"11":{"loc":{"start":{"line":53,"column":4},"end":{"line":56,"column":5}},"type":"if","locations":[{"start":{"line":53,"column":4},"end":{"line":56,"column":5}},{"start":{},"end":{}}],"line":53},"12":{"loc":{"start":{"line":54,"column":8},"end":{"line":54,"column":45}},"type":"if","locations":[{"start":{"line":54,"column":8},"end":{"line":54,"column":45}},{"start":{},"end":{}}],"line":54},"13":{"loc":{"start":{"line":59,"column":4},"end":{"line":64,"column":5}},"type":"if","locations":[{"start":{"line":59,"column":4},"end":{"line":64,"column":5}},{"start":{},"end":{}}],"line":59},"14":{"loc":{"start":{"line":60,"column":8},"end":{"line":60,"column":45}},"type":"if","locations":[{"start":{"line":60,"column":8},"end":{"line":60,"column":45}},{"start":{},"end":{}}],"line":60},"15":{"loc":{"start":{"line":65,"column":4},"end":{"line":69,"column":5}},"type":"if","locations":[{"start":{"line":65,"column":4},"end":{"line":69,"column":5}},{"start":{},"end":{}}],"line":65},"16":{"loc":{"start":{"line":66,"column":8},"end":{"line":66,"column":45}},"type":"if","locations":[{"start":{"line":66,"column":8},"end":{"line":66,"column":45}},{"start":{},"end":{}}],"line":66}},"s":{"0":10,"1":27,"2":9,"3":18,"4":18,"5":18,"6":18,"7":8,"8":4,"9":4,"10":4,"11":8,"12":4,"13":4,"14":4,"15":18,"16":3,"17":2,"18":3,"19":3,"20":3,"21":18,"22":4,"23":2,"24":4,"25":4,"26":18,"27":4,"28":2,"29":4,"30":4,"31":4,"32":18,"33":3,"34":2,"35":3,"36":18,"37":3,"38":0,"39":3,"40":3,"41":3,"42":18,"43":1,"44":0,"45":1,"46":1,"47":18,"48":10},"f":{"0":27},"b":{"0":[9,18],"1":[27,24],"2":[8,10],"3":[4,4],"4":[4,4],"5":[3,15],"6":[2,1],"7":[4,14],"8":[2,2],"9":[4,14],"10":[2,2],"11":[3,15],"12":[2,1],"13":[3,15],"14":[0,3],"15":[1,17],"16":[0,1]},"_coverageSchema":"1a1c01bbd47fc00a2c39e90264f33305004495a9","hash":"c3618af19b59ced5dab7b4c7ee060131b8ea354d"}
,"/var/www/cerebro/CodingBootcamp/projects/express-jobly/middleware/auth.js": {"path":"/var/www/cerebro/CodingBootcamp/projects/express-jobly/middleware/auth.js","statementMap":{"0":{"start":{"line":5,"column":12},"end":{"line":5,"column":35}},"1":{"start":{"line":6,"column":23},"end":{"line":6,"column":43}},"2":{"start":{"line":7,"column":30},"end":{"line":7,"column":56}},"3":{"start":{"line":19,"column":2},"end":{"line":28,"column":3}},"4":{"start":{"line":20,"column":23},"end":{"line":20,"column":63}},"5":{"start":{"line":21,"column":4},"end":{"line":24,"column":5}},"6":{"start":{"line":22,"column":20},"end":{"line":22,"column":64}},"7":{"start":{"line":23,"column":6},"end":{"line":23,"column":54}},"8":{"start":{"line":25,"column":4},"end":{"line":25,"column":18}},"9":{"start":{"line":27,"column":4},"end":{"line":27,"column":18}},"10":{"start":{"line":37,"column":2},"end":{"line":42,"column":3}},"11":{"start":{"line":38,"column":4},"end":{"line":38,"column":56}},"12":{"start":{"line":38,"column":26},"end":{"line":38,"column":56}},"13":{"start":{"line":39,"column":4},"end":{"line":39,"column":18}},"14":{"start":{"line":41,"column":4},"end":{"line":41,"column":21}},"15":{"start":{"line":47,"column":2},"end":{"line":52,"column":3}},"16":{"start":{"line":48,"column":4},"end":{"line":48,"column":64}},"17":{"start":{"line":48,"column":34},"end":{"line":48,"column":64}},"18":{"start":{"line":49,"column":4},"end":{"line":49,"column":18}},"19":{"start":{"line":51,"column":4},"end":{"line":51,"column":21}},"20":{"start":{"line":58,"column":0},"end":{"line":62,"column":2}}},"fnMap":{"0":{"name":"authenticateJWT","decl":{"start":{"line":18,"column":9},"end":{"line":18,"column":24}},"loc":{"start":{"line":18,"column":41},"end":{"line":29,"column":1}},"line":18},"1":{"name":"ensureLoggedIn","decl":{"start":{"line":36,"column":9},"end":{"line":36,"column":23}},"loc":{"start":{"line":36,"column":40},"end":{"line":43,"column":1}},"line":36},"2":{"name":"ensureAdmin","decl":{"start":{"line":46,"column":9},"end":{"line":46,"column":20}},"loc":{"start":{"line":46,"column":37},"end":{"line":53,"column":1}},"line":46}},"branchMap":{"0":{"loc":{"start":{"line":20,"column":23},"end":{"line":20,"column":63}},"type":"binary-expr","locations":[{"start":{"line":20,"column":23},"end":{"line":20,"column":34}},{"start":{"line":20,"column":38},"end":{"line":20,"column":63}}],"line":20},"1":{"loc":{"start":{"line":21,"column":4},"end":{"line":24,"column":5}},"type":"if","locations":[{"start":{"line":21,"column":4},"end":{"line":24,"column":5}},{"start":{},"end":{}}],"line":21},"2":{"loc":{"start":{"line":38,"column":4},"end":{"line":38,"column":56}},"type":"if","locations":[{"start":{"line":38,"column":4},"end":{"line":38,"column":56}},{"start":{},"end":{}}],"line":38},"3":{"loc":{"start":{"line":48,"column":4},"end":{"line":48,"column":64}},"type":"if","locations":[{"start":{"line":48,"column":4},"end":{"line":48,"column":64}},{"start":{},"end":{}}],"line":48}},"s":{"0":7,"1":7,"2":7,"3":75,"4":75,"5":75,"6":41,"7":41,"8":74,"9":1,"10":2,"11":2,"12":1,"13":1,"14":1,"15":46,"16":46,"17":0,"18":36,"19":10,"20":7},"f":{"0":75,"1":2,"2":46},"b":{"0":[75,74],"1":[41,34],"2":[1,1],"3":[0,36]},"_coverageSchema":"1a1c01bbd47fc00a2c39e90264f33305004495a9","hash":"368a9c4c5a9d8118de663c487eadf9c1c893f075"}
,"/var/www/cerebro/CodingBootcamp/projects/express-jobly/models/_testCommon.js": {"path":"/var/www/cerebro/CodingBootcamp/projects/express-jobly/models/_testCommon.js","statementMap":{"0":{"start":{"line":1,"column":15},"end":{"line":1,"column":32}},"1":{"start":{"line":3,"column":11},"end":{"line":3,"column":30}},"2":{"start":{"line":4,"column":31},"end":{"line":4,"column":51}},"3":{"start":{"line":8,"column":2},"end":{"line":8,"column":42}},"4":{"start":{"line":10,"column":2},"end":{"line":10,"column":38}},"5":{"start":{"line":12,"column":2},"end":{"line":12,"column":37}},"6":{"start":{"line":14,"column":2},"end":{"line":18,"column":55}},"7":{"start":{"line":20,"column":2},"end":{"line":32,"column":9}},"8":{"start":{"line":34,"column":2},"end":{"line":41,"column":4}},"9":{"start":{"line":43,"column":2},"end":{"line":47,"column":4}},"10":{"start":{"line":53,"column":2},"end":{"line":53,"column":26}},"11":{"start":{"line":57,"column":2},"end":{"line":57,"column":29}},"12":{"start":{"line":61,"column":2},"end":{"line":61,"column":17}},"13":{"start":{"line":65,"column":0},"end":{"line":70,"column":2}}},"fnMap":{"0":{"name":"commonBeforeAll","decl":{"start":{"line":6,"column":15},"end":{"line":6,"column":30}},"loc":{"start":{"line":6,"column":33},"end":{"line":48,"column":1}},"line":6},"1":{"name":"commonBeforeEach","decl":{"start":{"line":52,"column":15},"end":{"line":52,"column":31}},"loc":{"start":{"line":52,"column":34},"end":{"line":54,"column":1}},"line":52},"2":{"name":"commonAfterEach","decl":{"start":{"line":56,"column":15},"end":{"line":56,"column":30}},"loc":{"start":{"line":56,"column":33},"end":{"line":58,"column":1}},"line":56},"3":{"name":"commonAfterAll","decl":{"start":{"line":60,"column":15},"end":{"line":60,"column":29}},"loc":{"start":{"line":60,"column":32},"end":{"line":62,"column":1}},"line":60}},"branchMap":{},"s":{"0":4,"1":4,"2":4,"3":4,"4":4,"5":4,"6":4,"7":4,"8":4,"9":4,"10":46,"11":46,"12":4,"13":4},"f":{"0":4,"1":46,"2":46,"3":4},"b":{},"_coverageSchema":"1a1c01bbd47fc00a2c39e90264f33305004495a9","hash":"361926ca4ae88db6ec30c22b457eeed9083eda6c"}
,"/var/www/cerebro/CodingBootcamp/projects/express-jobly/models/application.js": {"path":"/var/www/cerebro/CodingBootcamp/projects/express-jobly/models/application.js","statementMap":{"0":{"start":{"line":2,"column":11},"end":{"line":2,"column":27}},"1":{"start":{"line":4,"column":43},"end":{"line":4,"column":69}},"2":{"start":{"line":5,"column":21},"end":{"line":5,"column":48}},"3":{"start":{"line":17,"column":23},"end":{"line":26,"column":9}},"4":{"start":{"line":27,"column":28},"end":{"line":27,"column":42}},"5":{"start":{"line":29,"column":8},"end":{"line":29,"column":27}},"6":{"start":{"line":39,"column":33},"end":{"line":39,"column":66}},"7":{"start":{"line":40,"column":6},"end":{"line":40,"column":63}},"8":{"start":{"line":41,"column":19},"end":{"line":45,"column":24}},"9":{"start":{"line":46,"column":30},"end":{"line":46,"column":58}},"10":{"start":{"line":47,"column":6},"end":{"line":47,"column":32}},"11":{"start":{"line":48,"column":6},"end":{"line":48,"column":71}},"12":{"start":{"line":49,"column":6},"end":{"line":49,"column":73}},"13":{"start":{"line":50,"column":6},"end":{"line":50,"column":34}},"14":{"start":{"line":61,"column":19},"end":{"line":66,"column":26}},"15":{"start":{"line":67,"column":24},"end":{"line":67,"column":38}},"16":{"start":{"line":69,"column":4},"end":{"line":69,"column":69}},"17":{"start":{"line":69,"column":22},"end":{"line":69,"column":69}},"18":{"start":{"line":78,"column":0},"end":{"line":78,"column":29}}},"fnMap":{"0":{"name":"(anonymous_0)","decl":{"start":{"line":16,"column":4},"end":{"line":16,"column":5}},"loc":{"start":{"line":16,"column":43},"end":{"line":30,"column":7}},"line":16},"1":{"name":"(anonymous_1)","decl":{"start":{"line":38,"column":4},"end":{"line":38,"column":5}},"loc":{"start":{"line":38,"column":34},"end":{"line":51,"column":5}},"line":38},"2":{"name":"(anonymous_2)","decl":{"start":{"line":60,"column":2},"end":{"line":60,"column":3}},"loc":{"start":{"line":60,"column":41},"end":{"line":70,"column":3}},"line":60}},"branchMap":{"0":{"loc":{"start":{"line":69,"column":4},"end":{"line":69,"column":69}},"type":"if","locations":[{"start":{"line":69,"column":4},"end":{"line":69,"column":69}},{"start":{},"end":{}}],"line":69}},"s":{"0":7,"1":7,"2":7,"3":2,"4":2,"5":2,"6":7,"7":7,"8":7,"9":7,"10":6,"11":6,"12":6,"13":6,"14":4,"15":4,"16":4,"17":2,"18":7},"f":{"0":2,"1":7,"2":4},"b":{"0":[2,2]},"_coverageSchema":"1a1c01bbd47fc00a2c39e90264f33305004495a9","hash":"b14228b9f32a912e6343461da6dc8c841c3208b1"}
,"/var/www/cerebro/CodingBootcamp/projects/express-jobly/models/company.js": {"path":"/var/www/cerebro/CodingBootcamp/projects/express-jobly/models/company.js","statementMap":{"0":{"start":{"line":3,"column":11},"end":{"line":3,"column":27}},"1":{"start":{"line":4,"column":43},"end":{"line":4,"column":69}},"2":{"start":{"line":5,"column":32},"end":{"line":5,"column":57}},"3":{"start":{"line":6,"column":21},"end":{"line":6,"column":48}},"4":{"start":{"line":20,"column":27},"end":{"line":24,"column":17}},"5":{"start":{"line":26,"column":4},"end":{"line":27,"column":64}},"6":{"start":{"line":27,"column":6},"end":{"line":27,"column":64}},"7":{"start":{"line":29,"column":19},"end":{"line":41,"column":5}},"8":{"start":{"line":42,"column":20},"end":{"line":42,"column":34}},"9":{"start":{"line":44,"column":4},"end":{"line":44,"column":19}},"10":{"start":{"line":53,"column":31},"end":{"line":53,"column":61}},"11":{"start":{"line":54,"column":25},"end":{"line":62,"column":34}},"12":{"start":{"line":63,"column":4},"end":{"line":63,"column":29}},"13":{"start":{"line":75,"column":23},"end":{"line":83,"column":17}},"14":{"start":{"line":85,"column":20},"end":{"line":85,"column":38}},"15":{"start":{"line":87,"column":4},"end":{"line":87,"column":67}},"16":{"start":{"line":87,"column":18},"end":{"line":87,"column":67}},"17":{"start":{"line":89,"column":4},"end":{"line":89,"column":19}},"18":{"start":{"line":105,"column":32},"end":{"line":110,"column":10}},"19":{"start":{"line":111,"column":25},"end":{"line":111,"column":50}},"20":{"start":{"line":113,"column":21},"end":{"line":120,"column":54}},"21":{"start":{"line":121,"column":19},"end":{"line":121,"column":64}},"22":{"start":{"line":122,"column":20},"end":{"line":122,"column":34}},"23":{"start":{"line":124,"column":4},"end":{"line":124,"column":67}},"24":{"start":{"line":124,"column":18},"end":{"line":124,"column":67}},"25":{"start":{"line":126,"column":4},"end":{"line":126,"column":19}},"26":{"start":{"line":135,"column":19},"end":{"line":140,"column":17}},"27":{"start":{"line":141,"column":20},"end":{"line":141,"column":34}},"28":{"start":{"line":143,"column":4},"end":{"line":143,"column":67}},"29":{"start":{"line":143,"column":18},"end":{"line":143,"column":67}},"30":{"start":{"line":148,"column":0},"end":{"line":148,"column":25}}},"fnMap":{"0":{"name":"(anonymous_0)","decl":{"start":{"line":19,"column":2},"end":{"line":19,"column":3}},"loc":{"start":{"line":19,"column":76},"end":{"line":45,"column":3}},"line":19},"1":{"name":"(anonymous_1)","decl":{"start":{"line":52,"column":2},"end":{"line":52,"column":3}},"loc":{"start":{"line":52,"column":32},"end":{"line":64,"column":3}},"line":52},"2":{"name":"(anonymous_2)","decl":{"start":{"line":74,"column":2},"end":{"line":74,"column":3}},"loc":{"start":{"line":74,"column":27},"end":{"line":90,"column":3}},"line":74},"3":{"name":"(anonymous_3)","decl":{"start":{"line":104,"column":2},"end":{"line":104,"column":3}},"loc":{"start":{"line":104,"column":36},"end":{"line":127,"column":3}},"line":104},"4":{"name":"(anonymous_4)","decl":{"start":{"line":134,"column":2},"end":{"line":134,"column":3}},"loc":{"start":{"line":134,"column":30},"end":{"line":144,"column":3}},"line":134}},"branchMap":{"0":{"loc":{"start":{"line":26,"column":4},"end":{"line":27,"column":64}},"type":"if","locations":[{"start":{"line":26,"column":4},"end":{"line":27,"column":64}},{"start":{},"end":{}}],"line":26},"1":{"loc":{"start":{"line":87,"column":4},"end":{"line":87,"column":67}},"type":"if","locations":[{"start":{"line":87,"column":4},"end":{"line":87,"column":67}},{"start":{},"end":{}}],"line":87},"2":{"loc":{"start":{"line":124,"column":4},"end":{"line":124,"column":67}},"type":"if","locations":[{"start":{"line":124,"column":4},"end":{"line":124,"column":67}},{"start":{},"end":{}}],"line":124},"3":{"loc":{"start":{"line":143,"column":4},"end":{"line":143,"column":67}},"type":"if","locations":[{"start":{"line":143,"column":4},"end":{"line":143,"column":67}},{"start":{},"end":{}}],"line":143}},"s":{"0":7,"1":7,"2":7,"3":7,"4":19,"5":19,"6":1,"7":18,"8":18,"9":18,"10":6,"11":6,"12":5,"13":5,"14":5,"15":5,"16":2,"17":3,"18":6,"19":5,"20":5,"21":5,"22":5,"23":5,"24":2,"25":3,"26":4,"27":4,"28":4,"29":2,"30":7},"f":{"0":19,"1":6,"2":5,"3":6,"4":4},"b":{"0":[1,18],"1":[2,3],"2":[2,3],"3":[2,2]},"_coverageSchema":"1a1c01bbd47fc00a2c39e90264f33305004495a9","hash":"c2cb02ecdb7ec0eeb4e49202dd8dcb20b819290b"}
,"/var/www/cerebro/CodingBootcamp/projects/express-jobly/models/job.js": {"path":"/var/www/cerebro/CodingBootcamp/projects/express-jobly/models/job.js","statementMap":{"0":{"start":{"line":2,"column":11},"end":{"line":2,"column":27}},"1":{"start":{"line":3,"column":16},"end":{"line":3,"column":37}},"2":{"start":{"line":4,"column":43},"end":{"line":4,"column":69}},"3":{"start":{"line":5,"column":32},"end":{"line":5,"column":57}},"4":{"start":{"line":6,"column":21},"end":{"line":6,"column":48}},"5":{"start":{"line":18,"column":8},"end":{"line":18,"column":81}},"6":{"start":{"line":18,"column":24},"end":{"line":18,"column":81}},"7":{"start":{"line":19,"column":23},"end":{"line":30,"column":9}},"8":{"start":{"line":31,"column":20},"end":{"line":31,"column":34}},"9":{"start":{"line":33,"column":8},"end":{"line":33,"column":19}},"10":{"start":{"line":43,"column":33},"end":{"line":43,"column":58}},"11":{"start":{"line":44,"column":22},"end":{"line":52,"column":37}},"12":{"start":{"line":53,"column":6},"end":{"line":53,"column":26}},"13":{"start":{"line":64,"column":19},"end":{"line":72,"column":13}},"14":{"start":{"line":74,"column":16},"end":{"line":74,"column":30}},"15":{"start":{"line":76,"column":4},"end":{"line":76,"column":55}},"16":{"start":{"line":76,"column":14},"end":{"line":76,"column":55}},"17":{"start":{"line":78,"column":4},"end":{"line":78,"column":15}},"18":{"start":{"line":90,"column":19},"end":{"line":98,"column":17}},"19":{"start":{"line":100,"column":17},"end":{"line":100,"column":28}},"20":{"start":{"line":102,"column":4},"end":{"line":102,"column":76}},"21":{"start":{"line":102,"column":27},"end":{"line":102,"column":76}},"22":{"start":{"line":104,"column":4},"end":{"line":104,"column":16}},"23":{"start":{"line":121,"column":34},"end":{"line":123,"column":13}},"24":{"start":{"line":124,"column":23},"end":{"line":131,"column":68}},"25":{"start":{"line":132,"column":21},"end":{"line":132,"column":58}},"26":{"start":{"line":133,"column":18},"end":{"line":133,"column":32}},"27":{"start":{"line":135,"column":6},"end":{"line":135,"column":57}},"28":{"start":{"line":135,"column":16},"end":{"line":135,"column":57}},"29":{"start":{"line":137,"column":6},"end":{"line":137,"column":17}},"30":{"start":{"line":147,"column":19},"end":{"line":152,"column":13}},"31":{"start":{"line":153,"column":16},"end":{"line":153,"column":30}},"32":{"start":{"line":155,"column":4},"end":{"line":155,"column":55}},"33":{"start":{"line":155,"column":14},"end":{"line":155,"column":55}},"34":{"start":{"line":164,"column":0},"end":{"line":164,"column":21}}},"fnMap":{"0":{"name":"(anonymous_0)","decl":{"start":{"line":17,"column":4},"end":{"line":17,"column":5}},"loc":{"start":{"line":17,"column":65},"end":{"line":34,"column":7}},"line":17},"1":{"name":"(anonymous_1)","decl":{"start":{"line":42,"column":4},"end":{"line":42,"column":5}},"loc":{"start":{"line":42,"column":34},"end":{"line":54,"column":5}},"line":42},"2":{"name":"(anonymous_2)","decl":{"start":{"line":63,"column":3},"end":{"line":63,"column":4}},"loc":{"start":{"line":63,"column":24},"end":{"line":79,"column":3}},"line":63},"3":{"name":"(anonymous_3)","decl":{"start":{"line":89,"column":2},"end":{"line":89,"column":3}},"loc":{"start":{"line":89,"column":38},"end":{"line":105,"column":3}},"line":89},"4":{"name":"(anonymous_4)","decl":{"start":{"line":120,"column":4},"end":{"line":120,"column":5}},"loc":{"start":{"line":120,"column":34},"end":{"line":138,"column":5}},"line":120},"5":{"name":"(anonymous_5)","decl":{"start":{"line":146,"column":2},"end":{"line":146,"column":3}},"loc":{"start":{"line":146,"column":26},"end":{"line":156,"column":3}},"line":146}},"branchMap":{"0":{"loc":{"start":{"line":18,"column":8},"end":{"line":18,"column":81}},"type":"if","locations":[{"start":{"line":18,"column":8},"end":{"line":18,"column":81}},{"start":{},"end":{}}],"line":18},"1":{"loc":{"start":{"line":76,"column":4},"end":{"line":76,"column":55}},"type":"if","locations":[{"start":{"line":76,"column":4},"end":{"line":76,"column":55}},{"start":{},"end":{}}],"line":76},"2":{"loc":{"start":{"line":102,"column":4},"end":{"line":102,"column":76}},"type":"if","locations":[{"start":{"line":102,"column":4},"end":{"line":102,"column":76}},{"start":{},"end":{}}],"line":102},"3":{"loc":{"start":{"line":135,"column":6},"end":{"line":135,"column":57}},"type":"if","locations":[{"start":{"line":135,"column":6},"end":{"line":135,"column":57}},{"start":{},"end":{}}],"line":135},"4":{"loc":{"start":{"line":155,"column":4},"end":{"line":155,"column":55}},"type":"if","locations":[{"start":{"line":155,"column":4},"end":{"line":155,"column":55}},{"start":{},"end":{}}],"line":155}},"s":{"0":7,"1":7,"2":7,"3":7,"4":7,"5":2,"6":0,"7":2,"8":0,"9":0,"10":6,"11":6,"12":5,"13":4,"14":4,"15":4,"16":2,"17":2,"18":4,"19":4,"20":4,"21":1,"22":3,"23":6,"24":5,"25":5,"26":5,"27":5,"28":2,"29":3,"30":4,"31":4,"32":4,"33":2,"34":7},"f":{"0":2,"1":6,"2":4,"3":4,"4":6,"5":4},"b":{"0":[0,2],"1":[2,2],"2":[1,3],"3":[2,3],"4":[2,2]},"_coverageSchema":"1a1c01bbd47fc00a2c39e90264f33305004495a9","hash":"d30a8a4220c921552f818827126f6af310c047d5"}
,"/var/www/cerebro/CodingBootcamp/projects/express-jobly/models/user.js": {"path":"/var/www/cerebro/CodingBootcamp/projects/express-jobly/models/user.js","statementMap":{"0":{"start":{"line":3,"column":11},"end":{"line":3,"column":27}},"1":{"start":{"line":4,"column":15},"end":{"line":4,"column":32}},"2":{"start":{"line":5,"column":32},"end":{"line":5,"column":57}},"3":{"start":{"line":10,"column":4},"end":{"line":10,"column":30}},"4":{"start":{"line":12,"column":31},"end":{"line":12,"column":54}},"5":{"start":{"line":26,"column":19},"end":{"line":36,"column":5}},"6":{"start":{"line":38,"column":17},"end":{"line":38,"column":31}},"7":{"start":{"line":40,"column":4},"end":{"line":47,"column":5}},"8":{"start":{"line":42,"column":22},"end":{"line":42,"column":67}},"9":{"start":{"line":43,"column":6},"end":{"line":46,"column":7}},"10":{"start":{"line":44,"column":8},"end":{"line":44,"column":29}},"11":{"start":{"line":45,"column":8},"end":{"line":45,"column":20}},"12":{"start":{"line":49,"column":4},"end":{"line":49,"column":61}},"13":{"start":{"line":61,"column":27},"end":{"line":66,"column":5}},"14":{"start":{"line":68,"column":4},"end":{"line":70,"column":5}},"15":{"start":{"line":69,"column":6},"end":{"line":69,"column":67}},"16":{"start":{"line":72,"column":27},"end":{"line":72,"column":74}},"17":{"start":{"line":74,"column":19},"end":{"line":92,"column":5}},"18":{"start":{"line":94,"column":17},"end":{"line":94,"column":31}},"19":{"start":{"line":96,"column":4},"end":{"line":96,"column":16}},"20":{"start":{"line":105,"column":19},"end":{"line":113,"column":5}},"21":{"start":{"line":115,"column":4},"end":{"line":115,"column":23}},"22":{"start":{"line":127,"column":20},"end":{"line":136,"column":5}},"23":{"start":{"line":138,"column":17},"end":{"line":138,"column":32}},"24":{"start":{"line":140,"column":4},"end":{"line":140,"column":63}},"25":{"start":{"line":140,"column":15},"end":{"line":140,"column":63}},"26":{"start":{"line":142,"column":4},"end":{"line":142,"column":16}},"27":{"start":{"line":163,"column":4},"end":{"line":165,"column":5}},"28":{"start":{"line":164,"column":6},"end":{"line":164,"column":75}},"29":{"start":{"line":167,"column":32},"end":{"line":173,"column":10}},"30":{"start":{"line":174,"column":27},"end":{"line":174,"column":52}},"31":{"start":{"line":176,"column":21},"end":{"line":183,"column":54}},"32":{"start":{"line":184,"column":19},"end":{"line":184,"column":66}},"33":{"start":{"line":185,"column":17},"end":{"line":185,"column":31}},"34":{"start":{"line":187,"column":4},"end":{"line":187,"column":63}},"35":{"start":{"line":187,"column":15},"end":{"line":187,"column":63}},"36":{"start":{"line":189,"column":4},"end":{"line":189,"column":25}},"37":{"start":{"line":190,"column":4},"end":{"line":190,"column":16}},"38":{"start":{"line":196,"column":17},"end":{"line":202,"column":5}},"39":{"start":{"line":203,"column":17},"end":{"line":203,"column":31}},"40":{"start":{"line":205,"column":4},"end":{"line":205,"column":63}},"41":{"start":{"line":205,"column":15},"end":{"line":205,"column":63}},"42":{"start":{"line":210,"column":0},"end":{"line":210,"column":22}}},"fnMap":{"0":{"name":"(anonymous_0)","decl":{"start":{"line":24,"column":2},"end":{"line":24,"column":3}},"loc":{"start":{"line":24,"column":48},"end":{"line":50,"column":3}},"line":24},"1":{"name":"(anonymous_1)","decl":{"start":{"line":59,"column":2},"end":{"line":59,"column":3}},"loc":{"start":{"line":60,"column":67},"end":{"line":97,"column":3}},"line":60},"2":{"name":"(anonymous_2)","decl":{"start":{"line":104,"column":2},"end":{"line":104,"column":3}},"loc":{"start":{"line":104,"column":25},"end":{"line":116,"column":3}},"line":104},"3":{"name":"(anonymous_3)","decl":{"start":{"line":126,"column":2},"end":{"line":126,"column":3}},"loc":{"start":{"line":126,"column":29},"end":{"line":143,"column":3}},"line":126},"4":{"name":"(anonymous_4)","decl":{"start":{"line":162,"column":2},"end":{"line":162,"column":3}},"loc":{"start":{"line":162,"column":38},"end":{"line":191,"column":3}},"line":162},"5":{"name":"(anonymous_5)","decl":{"start":{"line":195,"column":2},"end":{"line":195,"column":3}},"loc":{"start":{"line":195,"column":32},"end":{"line":206,"column":3}},"line":195}},"branchMap":{"0":{"loc":{"start":{"line":40,"column":4},"end":{"line":47,"column":5}},"type":"if","locations":[{"start":{"line":40,"column":4},"end":{"line":47,"column":5}},{"start":{},"end":{}}],"line":40},"1":{"loc":{"start":{"line":43,"column":6},"end":{"line":46,"column":7}},"type":"if","locations":[{"start":{"line":43,"column":6},"end":{"line":46,"column":7}},{"start":{},"end":{}}],"line":43},"2":{"loc":{"start":{"line":68,"column":4},"end":{"line":70,"column":5}},"type":"if","locations":[{"start":{"line":68,"column":4},"end":{"line":70,"column":5}},{"start":{},"end":{}}],"line":68},"3":{"loc":{"start":{"line":140,"column":4},"end":{"line":140,"column":63}},"type":"if","locations":[{"start":{"line":140,"column":4},"end":{"line":140,"column":63}},{"start":{},"end":{}}],"line":140},"4":{"loc":{"start":{"line":163,"column":4},"end":{"line":165,"column":5}},"type":"if","locations":[{"start":{"line":163,"column":4},"end":{"line":165,"column":5}},{"start":{},"end":{}}],"line":163},"5":{"loc":{"start":{"line":187,"column":4},"end":{"line":187,"column":63}},"type":"if","locations":[{"start":{"line":187,"column":4},"end":{"line":187,"column":63}},{"start":{},"end":{}}],"line":187},"6":{"loc":{"start":{"line":205,"column":4},"end":{"line":205,"column":63}},"type":"if","locations":[{"start":{"line":205,"column":4},"end":{"line":205,"column":63}},{"start":{},"end":{}}],"line":205}},"s":{"0":7,"1":7,"2":7,"3":7,"4":7,"5":7,"6":7,"7":7,"8":4,"9":4,"10":3,"11":3,"12":4,"13":27,"14":27,"15":1,"16":26,"17":26,"18":26,"19":26,"20":3,"21":2,"22":4,"23":4,"24":4,"25":2,"26":2,"27":7,"28":2,"29":7,"30":6,"31":6,"32":6,"33":6,"34":6,"35":2,"36":4,"37":4,"38":4,"39":4,"40":4,"41":2,"42":7},"f":{"0":7,"1":27,"2":3,"3":4,"4":7,"5":4},"b":{"0":[4,3],"1":[3,1],"2":[1,26],"3":[2,2],"4":[2,5],"5":[2,4],"6":[2,2]},"_coverageSchema":"1a1c01bbd47fc00a2c39e90264f33305004495a9","hash":"eac0aba9112b4e05e51e9545ab567926c4620388"}
,"/var/www/cerebro/CodingBootcamp/projects/express-jobly/routes/_testCommon.js": {"path":"/var/www/cerebro/CodingBootcamp/projects/express-jobly/routes/_testCommon.js","statementMap":{"0":{"start":{"line":3,"column":11},"end":{"line":3,"column":30}},"1":{"start":{"line":4,"column":13},"end":{"line":4,"column":38}},"2":{"start":{"line":5,"column":16},"end":{"line":5,"column":44}},"3":{"start":{"line":6,"column":12},"end":{"line":6,"column":36}},"4":{"start":{"line":7,"column":24},"end":{"line":7,"column":52}},"5":{"start":{"line":11,"column":2},"end":{"line":11,"column":38}},"6":{"start":{"line":13,"column":2},"end":{"line":13,"column":42}},"7":{"start":{"line":15,"column":2},"end":{"line":15,"column":37}},"8":{"start":{"line":17,"column":2},"end":{"line":24,"column":9}},"9":{"start":{"line":25,"column":2},"end":{"line":32,"column":9}},"10":{"start":{"line":33,"column":2},"end":{"line":40,"column":9}},"11":{"start":{"line":42,"column":2},"end":{"line":49,"column":5}},"12":{"start":{"line":50,"column":2},"end":{"line":57,"column":5}},"13":{"start":{"line":58,"column":2},"end":{"line":65,"column":5}},"14":{"start":{"line":66,"column":2},"end":{"line":73,"column":5}},"15":{"start":{"line":107,"column":2},"end":{"line":114,"column":4}},"16":{"start":{"line":116,"column":2},"end":{"line":120,"column":4}},"17":{"start":{"line":124,"column":2},"end":{"line":124,"column":26}},"18":{"start":{"line":128,"column":2},"end":{"line":128,"column":29}},"19":{"start":{"line":132,"column":2},"end":{"line":132,"column":17}},"20":{"start":{"line":136,"column":16},"end":{"line":136,"column":63}},"21":{"start":{"line":137,"column":16},"end":{"line":137,"column":62}},"22":{"start":{"line":140,"column":0},"end":{"line":147,"column":2}}},"fnMap":{"0":{"name":"commonBeforeAll","decl":{"start":{"line":9,"column":15},"end":{"line":9,"column":30}},"loc":{"start":{"line":9,"column":33},"end":{"line":121,"column":1}},"line":9},"1":{"name":"commonBeforeEach","decl":{"start":{"line":123,"column":15},"end":{"line":123,"column":31}},"loc":{"start":{"line":123,"column":34},"end":{"line":125,"column":1}},"line":123},"2":{"name":"commonAfterEach","decl":{"start":{"line":127,"column":15},"end":{"line":127,"column":30}},"loc":{"start":{"line":127,"column":33},"end":{"line":129,"column":1}},"line":127},"3":{"name":"commonAfterAll","decl":{"start":{"line":131,"column":15},"end":{"line":131,"column":29}},"loc":{"start":{"line":131,"column":32},"end":{"line":133,"column":1}},"line":131}},"branchMap":{},"s":{"0":5,"1":5,"2":5,"3":5,"4":5,"5":5,"6":5,"7":5,"8":5,"9":5,"10":5,"11":5,"12":5,"13":5,"14":5,"15":5,"16":5,"17":70,"18":70,"19":5,"20":5,"21":5,"22":5},"f":{"0":5,"1":70,"2":70,"3":5},"b":{},"_coverageSchema":"1a1c01bbd47fc00a2c39e90264f33305004495a9","hash":"4dd63b9fe9b409bf593d5881ee27dc45eb50d0a8"}
,"/var/www/cerebro/CodingBootcamp/projects/express-jobly/routes/applications.js": {"path":"/var/www/cerebro/CodingBootcamp/projects/express-jobly/routes/applications.js","statementMap":{"0":{"start":{"line":5,"column":19},"end":{"line":5,"column":40}},"1":{"start":{"line":6,"column":16},"end":{"line":6,"column":34}},"2":{"start":{"line":8,"column":28},"end":{"line":8,"column":54}},"3":{"start":{"line":9,"column":27},"end":{"line":9,"column":56}},"4":{"start":{"line":10,"column":24},"end":{"line":10,"column":53}},"5":{"start":{"line":11,"column":20},"end":{"line":11,"column":52}},"6":{"start":{"line":13,"column":29},"end":{"line":13,"column":70}},"7":{"start":{"line":15,"column":15},"end":{"line":15,"column":35}},"8":{"start":{"line":35,"column":0},"end":{"line":42,"column":5}},"9":{"start":{"line":36,"column":4},"end":{"line":41,"column":5}},"10":{"start":{"line":37,"column":27},"end":{"line":37,"column":63}},"11":{"start":{"line":38,"column":6},"end":{"line":38,"column":40}},"12":{"start":{"line":40,"column":6},"end":{"line":40,"column":23}},"13":{"start":{"line":51,"column":0},"end":{"line":58,"column":5}},"14":{"start":{"line":52,"column":4},"end":{"line":57,"column":5}},"15":{"start":{"line":53,"column":6},"end":{"line":53,"column":93}},"16":{"start":{"line":54,"column":6},"end":{"line":54,"column":53}},"17":{"start":{"line":56,"column":6},"end":{"line":56,"column":23}},"18":{"start":{"line":65,"column":2},"end":{"line":65,"column":26}}},"fnMap":{"0":{"name":"(anonymous_0)","decl":{"start":{"line":35,"column":16},"end":{"line":35,"column":17}},"loc":{"start":{"line":35,"column":48},"end":{"line":42,"column":3}},"line":35},"1":{"name":"(anonymous_1)","decl":{"start":{"line":51,"column":48},"end":{"line":51,"column":49}},"loc":{"start":{"line":51,"column":80},"end":{"line":58,"column":3}},"line":51}},"branchMap":{},"s":{"0":6,"1":6,"2":6,"3":6,"4":6,"5":6,"6":6,"7":6,"8":6,"9":3,"10":3,"11":2,"12":1,"13":6,"14":2,"15":2,"16":1,"17":1,"18":6},"f":{"0":3,"1":2},"b":{},"_coverageSchema":"1a1c01bbd47fc00a2c39e90264f33305004495a9","hash":"26077a8489be3ba43ab7f9e39ccfa08b628354c4"}
,"/var/www/cerebro/CodingBootcamp/projects/express-jobly/routes/auth.js": {"path":"/var/www/cerebro/CodingBootcamp/projects/express-jobly/routes/auth.js","statementMap":{"0":{"start":{"line":5,"column":19},"end":{"line":5,"column":40}},"1":{"start":{"line":7,"column":13},"end":{"line":7,"column":38}},"2":{"start":{"line":8,"column":16},"end":{"line":8,"column":34}},"3":{"start":{"line":9,"column":15},"end":{"line":9,"column":35}},"4":{"start":{"line":10,"column":24},"end":{"line":10,"column":52}},"5":{"start":{"line":11,"column":23},"end":{"line":11,"column":58}},"6":{"start":{"line":12,"column":27},"end":{"line":12,"column":66}},"7":{"start":{"line":13,"column":28},"end":{"line":13,"column":54}},"8":{"start":{"line":22,"column":0},"end":{"line":37,"column":3}},"9":{"start":{"line":23,"column":2},"end":{"line":36,"column":3}},"10":{"start":{"line":24,"column":22},"end":{"line":24,"column":67}},"11":{"start":{"line":25,"column":4},"end":{"line":28,"column":5}},"12":{"start":{"line":26,"column":19},"end":{"line":26,"column":53}},"13":{"start":{"line":26,"column":45},"end":{"line":26,"column":52}},"14":{"start":{"line":27,"column":6},"end":{"line":27,"column":38}},"15":{"start":{"line":30,"column":35},"end":{"line":30,"column":43}},"16":{"start":{"line":31,"column":17},"end":{"line":31,"column":60}},"17":{"start":{"line":32,"column":18},"end":{"line":32,"column":35}},"18":{"start":{"line":33,"column":4},"end":{"line":33,"column":31}},"19":{"start":{"line":35,"column":4},"end":{"line":35,"column":21}},"20":{"start":{"line":49,"column":0},"end":{"line":63,"column":3}},"21":{"start":{"line":50,"column":2},"end":{"line":62,"column":3}},"22":{"start":{"line":51,"column":22},"end":{"line":51,"column":71}},"23":{"start":{"line":52,"column":4},"end":{"line":55,"column":5}},"24":{"start":{"line":53,"column":19},"end":{"line":53,"column":53}},"25":{"start":{"line":53,"column":45},"end":{"line":53,"column":52}},"26":{"start":{"line":54,"column":6},"end":{"line":54,"column":38}},"27":{"start":{"line":57,"column":20},"end":{"line":57,"column":72}},"28":{"start":{"line":58,"column":18},"end":{"line":58,"column":38}},"29":{"start":{"line":59,"column":4},"end":{"line":59,"column":43}},"30":{"start":{"line":61,"column":4},"end":{"line":61,"column":21}},"31":{"start":{"line":66,"column":0},"end":{"line":66,"column":24}}},"fnMap":{"0":{"name":"(anonymous_0)","decl":{"start":{"line":22,"column":22},"end":{"line":22,"column":23}},"loc":{"start":{"line":22,"column":54},"end":{"line":37,"column":1}},"line":22},"1":{"name":"(anonymous_1)","decl":{"start":{"line":26,"column":40},"end":{"line":26,"column":41}},"loc":{"start":{"line":26,"column":45},"end":{"line":26,"column":52}},"line":26},"2":{"name":"(anonymous_2)","decl":{"start":{"line":49,"column":25},"end":{"line":49,"column":26}},"loc":{"start":{"line":49,"column":57},"end":{"line":63,"column":1}},"line":49},"3":{"name":"(anonymous_3)","decl":{"start":{"line":53,"column":40},"end":{"line":53,"column":41}},"loc":{"start":{"line":53,"column":45},"end":{"line":53,"column":52}},"line":53}},"branchMap":{"0":{"loc":{"start":{"line":25,"column":4},"end":{"line":28,"column":5}},"type":"if","locations":[{"start":{"line":25,"column":4},"end":{"line":28,"column":5}},{"start":{},"end":{}}],"line":25},"1":{"loc":{"start":{"line":52,"column":4},"end":{"line":55,"column":5}},"type":"if","locations":[{"start":{"line":52,"column":4},"end":{"line":55,"column":5}},{"start":{},"end":{}}],"line":52}},"s":{"0":6,"1":6,"2":6,"3":6,"4":6,"5":6,"6":6,"7":6,"8":6,"9":5,"10":5,"11":5,"12":2,"13":2,"14":2,"15":3,"16":3,"17":1,"18":1,"19":4,"20":6,"21":3,"22":3,"23":3,"24":2,"25":5,"26":2,"27":1,"28":1,"29":1,"30":2,"31":6},"f":{"0":5,"1":2,"2":3,"3":5},"b":{"0":[2,3],"1":[2,1]},"_coverageSchema":"1a1c01bbd47fc00a2c39e90264f33305004495a9","hash":"7f3b43e17b4a4609227fcb27fdf2699e2f3af49c"}
,"/var/www/cerebro/CodingBootcamp/projects/express-jobly/routes/companies.js": {"path":"/var/www/cerebro/CodingBootcamp/projects/express-jobly/routes/companies.js","statementMap":{"0":{"start":{"line":5,"column":19},"end":{"line":5,"column":40}},"1":{"start":{"line":6,"column":16},"end":{"line":6,"column":34}},"2":{"start":{"line":8,"column":28},"end":{"line":8,"column":54}},"3":{"start":{"line":9,"column":27},"end":{"line":9,"column":56}},"4":{"start":{"line":10,"column":24},"end":{"line":10,"column":53}},"5":{"start":{"line":11,"column":16},"end":{"line":11,"column":44}},"6":{"start":{"line":12,"column":12},"end":{"line":12,"column":36}},"7":{"start":{"line":14,"column":25},"end":{"line":14,"column":62}},"8":{"start":{"line":15,"column":28},"end":{"line":15,"column":68}},"9":{"start":{"line":17,"column":15},"end":{"line":17,"column":35}},"10":{"start":{"line":29,"column":0},"end":{"line":42,"column":3}},"11":{"start":{"line":30,"column":2},"end":{"line":41,"column":3}},"12":{"start":{"line":31,"column":22},"end":{"line":31,"column":69}},"13":{"start":{"line":32,"column":4},"end":{"line":35,"column":5}},"14":{"start":{"line":33,"column":19},"end":{"line":33,"column":53}},"15":{"start":{"line":33,"column":45},"end":{"line":33,"column":52}},"16":{"start":{"line":34,"column":6},"end":{"line":34,"column":38}},"17":{"start":{"line":37,"column":20},"end":{"line":37,"column":50}},"18":{"start":{"line":38,"column":4},"end":{"line":38,"column":45}},"19":{"start":{"line":40,"column":4},"end":{"line":40,"column":21}},"20":{"start":{"line":56,"column":0},"end":{"line":69,"column":3}},"21":{"start":{"line":57,"column":2},"end":{"line":68,"column":3}},"22":{"start":{"line":59,"column":4},"end":{"line":62,"column":5}},"23":{"start":{"line":61,"column":6},"end":{"line":61,"column":80}},"24":{"start":{"line":64,"column":22},"end":{"line":64,"column":54}},"25":{"start":{"line":65,"column":4},"end":{"line":65,"column":35}},"26":{"start":{"line":67,"column":4},"end":{"line":67,"column":21}},"27":{"start":{"line":79,"column":0},"end":{"line":88,"column":3}},"28":{"start":{"line":80,"column":2},"end":{"line":87,"column":3}},"29":{"start":{"line":81,"column":20},"end":{"line":81,"column":56}},"30":{"start":{"line":82,"column":17},"end":{"line":82,"column":60}},"31":{"start":{"line":83,"column":4},"end":{"line":83,"column":24}},"32":{"start":{"line":84,"column":4},"end":{"line":84,"column":33}},"33":{"start":{"line":86,"column":4},"end":{"line":86,"column":21}},"34":{"start":{"line":101,"column":0},"end":{"line":114,"column":3}},"35":{"start":{"line":102,"column":2},"end":{"line":113,"column":3}},"36":{"start":{"line":103,"column":22},"end":{"line":103,"column":72}},"37":{"start":{"line":104,"column":4},"end":{"line":107,"column":5}},"38":{"start":{"line":105,"column":19},"end":{"line":105,"column":53}},"39":{"start":{"line":105,"column":45},"end":{"line":105,"column":52}},"40":{"start":{"line":106,"column":6},"end":{"line":106,"column":38}},"41":{"start":{"line":109,"column":20},"end":{"line":109,"column":69}},"42":{"start":{"line":110,"column":4},"end":{"line":110,"column":33}},"43":{"start":{"line":112,"column":4},"end":{"line":112,"column":21}},"44":{"start":{"line":121,"column":0},"end":{"line":128,"column":3}},"45":{"start":{"line":122,"column":2},"end":{"line":127,"column":3}},"46":{"start":{"line":123,"column":4},"end":{"line":123,"column":44}},"47":{"start":{"line":124,"column":4},"end":{"line":124,"column":52}},"48":{"start":{"line":126,"column":4},"end":{"line":126,"column":21}},"49":{"start":{"line":131,"column":0},"end":{"line":131,"column":24}}},"fnMap":{"0":{"name":"(anonymous_0)","decl":{"start":{"line":29,"column":30},"end":{"line":29,"column":31}},"loc":{"start":{"line":29,"column":62},"end":{"line":42,"column":1}},"line":29},"1":{"name":"(anonymous_1)","decl":{"start":{"line":33,"column":40},"end":{"line":33,"column":41}},"loc":{"start":{"line":33,"column":45},"end":{"line":33,"column":52}},"line":33},"2":{"name":"(anonymous_2)","decl":{"start":{"line":56,"column":16},"end":{"line":56,"column":17}},"loc":{"start":{"line":56,"column":48},"end":{"line":69,"column":1}},"line":56},"3":{"name":"(anonymous_3)","decl":{"start":{"line":79,"column":23},"end":{"line":79,"column":24}},"loc":{"start":{"line":79,"column":55},"end":{"line":88,"column":1}},"line":79},"4":{"name":"(anonymous_4)","decl":{"start":{"line":101,"column":38},"end":{"line":101,"column":39}},"loc":{"start":{"line":101,"column":70},"end":{"line":114,"column":1}},"line":101},"5":{"name":"(anonymous_5)","decl":{"start":{"line":105,"column":40},"end":{"line":105,"column":41}},"loc":{"start":{"line":105,"column":45},"end":{"line":105,"column":52}},"line":105},"6":{"name":"(anonymous_6)","decl":{"start":{"line":121,"column":39},"end":{"line":121,"column":40}},"loc":{"start":{"line":121,"column":71},"end":{"line":128,"column":1}},"line":121}},"branchMap":{"0":{"loc":{"start":{"line":32,"column":4},"end":{"line":35,"column":5}},"type":"if","locations":[{"start":{"line":32,"column":4},"end":{"line":35,"column":5}},{"start":{},"end":{}}],"line":32},"1":{"loc":{"start":{"line":59,"column":4},"end":{"line":62,"column":5}},"type":"if","locations":[{"start":{"line":59,"column":4},"end":{"line":62,"column":5}},{"start":{},"end":{}}],"line":59},"2":{"loc":{"start":{"line":59,"column":8},"end":{"line":59,"column":127}},"type":"binary-expr","locations":[{"start":{"line":59,"column":8},"end":{"line":59,"column":30}},{"start":{"line":59,"column":34},"end":{"line":59,"column":56}},{"start":{"line":59,"column":60},"end":{"line":59,"column":127}}],"line":59},"3":{"loc":{"start":{"line":104,"column":4},"end":{"line":107,"column":5}},"type":"if","locations":[{"start":{"line":104,"column":4},"end":{"line":107,"column":5}},{"start":{},"end":{}}],"line":104}},"s":{"0":6,"1":6,"2":6,"3":6,"4":6,"5":6,"6":6,"7":6,"8":6,"9":6,"10":6,"11":3,"12":3,"13":3,"14":2,"15":3,"16":2,"17":1,"18":1,"19":2,"20":6,"21":4,"22":4,"23":0,"24":4,"25":3,"26":1,"27":6,"28":3,"29":3,"30":2,"31":2,"32":2,"33":1,"34":6,"35":4,"36":4,"37":4,"38":2,"39":2,"40":2,"41":2,"42":1,"43":3,"44":6,"45":2,"46":2,"47":1,"48":1,"49":6},"f":{"0":3,"1":3,"2":4,"3":3,"4":4,"5":2,"6":2},"b":{"0":[2,1],"1":[0,4],"2":[4,0,0],"3":[2,2]},"_coverageSchema":"1a1c01bbd47fc00a2c39e90264f33305004495a9","hash":"70ae3a937181ef0bf0b6bd9cb98d0ccf3b8cf3fe"}
,"/var/www/cerebro/CodingBootcamp/projects/express-jobly/routes/jobs.js": {"path":"/var/www/cerebro/CodingBootcamp/projects/express-jobly/routes/jobs.js","statementMap":{"0":{"start":{"line":5,"column":19},"end":{"line":5,"column":40}},"1":{"start":{"line":6,"column":16},"end":{"line":6,"column":34}},"2":{"start":{"line":8,"column":28},"end":{"line":8,"column":54}},"3":{"start":{"line":9,"column":27},"end":{"line":9,"column":56}},"4":{"start":{"line":10,"column":24},"end":{"line":10,"column":53}},"5":{"start":{"line":11,"column":12},"end":{"line":11,"column":36}},"6":{"start":{"line":13,"column":21},"end":{"line":13,"column":54}},"7":{"start":{"line":14,"column":24},"end":{"line":14,"column":60}},"8":{"start":{"line":16,"column":15},"end":{"line":16,"column":35}},"9":{"start":{"line":27,"column":0},"end":{"line":39,"column":5}},"10":{"start":{"line":28,"column":4},"end":{"line":38,"column":5}},"11":{"start":{"line":29,"column":24},"end":{"line":29,"column":67}},"12":{"start":{"line":30,"column":6},"end":{"line":33,"column":7}},"13":{"start":{"line":31,"column":21},"end":{"line":31,"column":55}},"14":{"start":{"line":31,"column":47},"end":{"line":31,"column":54}},"15":{"start":{"line":32,"column":8},"end":{"line":32,"column":40}},"16":{"start":{"line":34,"column":18},"end":{"line":34,"column":44}},"17":{"start":{"line":35,"column":6},"end":{"line":35,"column":43}},"18":{"start":{"line":37,"column":6},"end":{"line":37,"column":23}},"19":{"start":{"line":54,"column":0},"end":{"line":61,"column":3}},"20":{"start":{"line":55,"column":2},"end":{"line":60,"column":3}},"21":{"start":{"line":56,"column":17},"end":{"line":56,"column":45}},"22":{"start":{"line":57,"column":4},"end":{"line":57,"column":30}},"23":{"start":{"line":59,"column":4},"end":{"line":59,"column":21}},"24":{"start":{"line":71,"column":0},"end":{"line":78,"column":3}},"25":{"start":{"line":72,"column":2},"end":{"line":77,"column":3}},"26":{"start":{"line":73,"column":16},"end":{"line":73,"column":44}},"27":{"start":{"line":74,"column":4},"end":{"line":74,"column":29}},"28":{"start":{"line":76,"column":4},"end":{"line":76,"column":21}},"29":{"start":{"line":92,"column":0},"end":{"line":105,"column":3}},"30":{"start":{"line":93,"column":2},"end":{"line":104,"column":3}},"31":{"start":{"line":94,"column":22},"end":{"line":94,"column":68}},"32":{"start":{"line":95,"column":4},"end":{"line":98,"column":5}},"33":{"start":{"line":96,"column":19},"end":{"line":96,"column":53}},"34":{"start":{"line":96,"column":45},"end":{"line":96,"column":52}},"35":{"start":{"line":97,"column":6},"end":{"line":97,"column":38}},"36":{"start":{"line":100,"column":16},"end":{"line":100,"column":57}},"37":{"start":{"line":101,"column":4},"end":{"line":101,"column":29}},"38":{"start":{"line":103,"column":4},"end":{"line":103,"column":21}},"39":{"start":{"line":113,"column":0},"end":{"line":120,"column":3}},"40":{"start":{"line":114,"column":2},"end":{"line":119,"column":3}},"41":{"start":{"line":115,"column":4},"end":{"line":115,"column":36}},"42":{"start":{"line":116,"column":4},"end":{"line":116,"column":48}},"43":{"start":{"line":118,"column":4},"end":{"line":118,"column":21}},"44":{"start":{"line":123,"column":2},"end":{"line":123,"column":26}}},"fnMap":{"0":{"name":"(anonymous_0)","decl":{"start":{"line":27,"column":30},"end":{"line":27,"column":31}},"loc":{"start":{"line":27,"column":62},"end":{"line":39,"column":3}},"line":27},"1":{"name":"(anonymous_1)","decl":{"start":{"line":31,"column":42},"end":{"line":31,"column":43}},"loc":{"start":{"line":31,"column":47},"end":{"line":31,"column":54}},"line":31},"2":{"name":"(anonymous_2)","decl":{"start":{"line":54,"column":16},"end":{"line":54,"column":17}},"loc":{"start":{"line":54,"column":48},"end":{"line":61,"column":1}},"line":54},"3":{"name":"(anonymous_3)","decl":{"start":{"line":71,"column":19},"end":{"line":71,"column":20}},"loc":{"start":{"line":71,"column":51},"end":{"line":78,"column":1}},"line":71},"4":{"name":"(anonymous_4)","decl":{"start":{"line":92,"column":34},"end":{"line":92,"column":35}},"loc":{"start":{"line":92,"column":66},"end":{"line":105,"column":1}},"line":92},"5":{"name":"(anonymous_5)","decl":{"start":{"line":96,"column":40},"end":{"line":96,"column":41}},"loc":{"start":{"line":96,"column":45},"end":{"line":96,"column":52}},"line":96},"6":{"name":"(anonymous_6)","decl":{"start":{"line":113,"column":35},"end":{"line":113,"column":36}},"loc":{"start":{"line":113,"column":67},"end":{"line":120,"column":1}},"line":113}},"branchMap":{"0":{"loc":{"start":{"line":30,"column":6},"end":{"line":33,"column":7}},"type":"if","locations":[{"start":{"line":30,"column":6},"end":{"line":33,"column":7}},{"start":{},"end":{}}],"line":30},"1":{"loc":{"start":{"line":95,"column":4},"end":{"line":98,"column":5}},"type":"if","locations":[{"start":{"line":95,"column":4},"end":{"line":98,"column":5}},{"start":{},"end":{}}],"line":95}},"s":{"0":6,"1":6,"2":6,"3":6,"4":6,"5":6,"6":6,"7":6,"8":6,"9":6,"10":3,"11":3,"12":3,"13":2,"14":3,"15":2,"16":1,"17":0,"18":3,"19":6,"20":4,"21":4,"22":3,"23":1,"24":6,"25":2,"26":2,"27":1,"28":1,"29":6,"30":4,"31":4,"32":4,"33":2,"34":2,"35":2,"36":2,"37":1,"38":3,"39":6,"40":2,"41":2,"42":1,"43":1,"44":6},"f":{"0":3,"1":3,"2":4,"3":2,"4":4,"5":2,"6":2},"b":{"0":[2,1],"1":[2,2]},"_coverageSchema":"1a1c01bbd47fc00a2c39e90264f33305004495a9","hash":"7bbe02f0cc30c63b2cf18766b3536dcc952210da"}
,"/var/www/cerebro/CodingBootcamp/projects/express-jobly/routes/users.js": {"path":"/var/www/cerebro/CodingBootcamp/projects/express-jobly/routes/users.js","statementMap":{"0":{"start":{"line":5,"column":19},"end":{"line":5,"column":40}},"1":{"start":{"line":7,"column":16},"end":{"line":7,"column":34}},"2":{"start":{"line":8,"column":27},"end":{"line":8,"column":56}},"3":{"start":{"line":9,"column":24},"end":{"line":9,"column":53}},"4":{"start":{"line":10,"column":28},"end":{"line":10,"column":54}},"5":{"start":{"line":11,"column":13},"end":{"line":11,"column":38}},"6":{"start":{"line":12,"column":20},"end":{"line":12,"column":52}},"7":{"start":{"line":13,"column":24},"end":{"line":13,"column":52}},"8":{"start":{"line":14,"column":22},"end":{"line":14,"column":56}},"9":{"start":{"line":15,"column":25},"end":{"line":15,"column":62}},"10":{"start":{"line":17,"column":15},"end":{"line":17,"column":31}},"11":{"start":{"line":32,"column":0},"end":{"line":46,"column":3}},"12":{"start":{"line":33,"column":2},"end":{"line":45,"column":3}},"13":{"start":{"line":34,"column":22},"end":{"line":34,"column":66}},"14":{"start":{"line":35,"column":4},"end":{"line":38,"column":5}},"15":{"start":{"line":36,"column":19},"end":{"line":36,"column":53}},"16":{"start":{"line":36,"column":45},"end":{"line":36,"column":52}},"17":{"start":{"line":37,"column":6},"end":{"line":37,"column":38}},"18":{"start":{"line":40,"column":17},"end":{"line":40,"column":46}},"19":{"start":{"line":41,"column":18},"end":{"line":41,"column":35}},"20":{"start":{"line":42,"column":4},"end":{"line":42,"column":49}},"21":{"start":{"line":44,"column":4},"end":{"line":44,"column":21}},"22":{"start":{"line":56,"column":0},"end":{"line":63,"column":3}},"23":{"start":{"line":57,"column":2},"end":{"line":62,"column":3}},"24":{"start":{"line":58,"column":18},"end":{"line":58,"column":38}},"25":{"start":{"line":59,"column":4},"end":{"line":59,"column":31}},"26":{"start":{"line":61,"column":4},"end":{"line":61,"column":21}},"27":{"start":{"line":73,"column":0},"end":{"line":82,"column":3}},"28":{"start":{"line":74,"column":2},"end":{"line":81,"column":3}},"29":{"start":{"line":75,"column":17},"end":{"line":75,"column":52}},"30":{"start":{"line":76,"column":17},"end":{"line":76,"column":61}},"31":{"start":{"line":77,"column":4},"end":{"line":77,"column":36}},"32":{"start":{"line":80,"column":4},"end":{"line":80,"column":21}},"33":{"start":{"line":95,"column":0},"end":{"line":108,"column":3}},"34":{"start":{"line":96,"column":2},"end":{"line":107,"column":3}},"35":{"start":{"line":97,"column":22},"end":{"line":97,"column":69}},"36":{"start":{"line":98,"column":4},"end":{"line":101,"column":5}},"37":{"start":{"line":99,"column":19},"end":{"line":99,"column":53}},"38":{"start":{"line":99,"column":45},"end":{"line":99,"column":52}},"39":{"start":{"line":100,"column":6},"end":{"line":100,"column":38}},"40":{"start":{"line":103,"column":17},"end":{"line":103,"column":65}},"41":{"start":{"line":104,"column":4},"end":{"line":104,"column":30}},"42":{"start":{"line":106,"column":4},"end":{"line":106,"column":21}},"43":{"start":{"line":116,"column":0},"end":{"line":123,"column":3}},"44":{"start":{"line":117,"column":2},"end":{"line":122,"column":3}},"45":{"start":{"line":118,"column":4},"end":{"line":118,"column":43}},"46":{"start":{"line":119,"column":4},"end":{"line":119,"column":54}},"47":{"start":{"line":121,"column":4},"end":{"line":121,"column":21}},"48":{"start":{"line":139,"column":0},"end":{"line":154,"column":5}},"49":{"start":{"line":140,"column":2},"end":{"line":153,"column":7}},"50":{"start":{"line":146,"column":6},"end":{"line":148,"column":7}},"51":{"start":{"line":147,"column":8},"end":{"line":147,"column":59}},"52":{"start":{"line":149,"column":26},"end":{"line":149,"column":107}},"53":{"start":{"line":150,"column":6},"end":{"line":150,"column":67}},"54":{"start":{"line":152,"column":10},"end":{"line":152,"column":27}},"55":{"start":{"line":156,"column":0},"end":{"line":156,"column":24}}},"fnMap":{"0":{"name":"(anonymous_0)","decl":{"start":{"line":32,"column":30},"end":{"line":32,"column":31}},"loc":{"start":{"line":32,"column":62},"end":{"line":46,"column":1}},"line":32},"1":{"name":"(anonymous_1)","decl":{"start":{"line":36,"column":40},"end":{"line":36,"column":41}},"loc":{"start":{"line":36,"column":45},"end":{"line":36,"column":52}},"line":36},"2":{"name":"(anonymous_2)","decl":{"start":{"line":56,"column":29},"end":{"line":56,"column":30}},"loc":{"start":{"line":56,"column":61},"end":{"line":63,"column":1}},"line":56},"3":{"name":"(anonymous_3)","decl":{"start":{"line":73,"column":38},"end":{"line":73,"column":39}},"loc":{"start":{"line":73,"column":70},"end":{"line":82,"column":1}},"line":73},"4":{"name":"(anonymous_4)","decl":{"start":{"line":95,"column":40},"end":{"line":95,"column":41}},"loc":{"start":{"line":95,"column":72},"end":{"line":108,"column":1}},"line":95},"5":{"name":"(anonymous_5)","decl":{"start":{"line":99,"column":40},"end":{"line":99,"column":41}},"loc":{"start":{"line":99,"column":45},"end":{"line":99,"column":52}},"line":99},"6":{"name":"(anonymous_6)","decl":{"start":{"line":116,"column":41},"end":{"line":116,"column":42}},"loc":{"start":{"line":116,"column":73},"end":{"line":123,"column":1}},"line":116},"7":{"name":"(anonymous_7)","decl":{"start":{"line":139,"column":51},"end":{"line":139,"column":52}},"loc":{"start":{"line":139,"column":83},"end":{"line":154,"column":3}},"line":139}},"branchMap":{"0":{"loc":{"start":{"line":35,"column":4},"end":{"line":38,"column":5}},"type":"if","locations":[{"start":{"line":35,"column":4},"end":{"line":38,"column":5}},{"start":{},"end":{}}],"line":35},"1":{"loc":{"start":{"line":98,"column":4},"end":{"line":101,"column":5}},"type":"if","locations":[{"start":{"line":98,"column":4},"end":{"line":101,"column":5}},{"start":{},"end":{}}],"line":98},"2":{"loc":{"start":{"line":146,"column":6},"end":{"line":148,"column":7}},"type":"if","locations":[{"start":{"line":146,"column":6},"end":{"line":148,"column":7}},{"start":{},"end":{}}],"line":146},"3":{"loc":{"start":{"line":146,"column":9},"end":{"line":146,"column":74}},"type":"binary-expr","locations":[{"start":{"line":146,"column":9},"end":{"line":146,"column":47}},{"start":{"line":146,"column":51},"end":{"line":146,"column":74}}],"line":146}},"s":{"0":6,"1":6,"2":6,"3":6,"4":6,"5":6,"6":6,"7":6,"8":6,"9":6,"10":6,"11":6,"12":4,"13":4,"14":4,"15":2,"16":5,"17":2,"18":2,"19":2,"20":2,"21":2,"22":6,"23":2,"24":2,"25":1,"26":1,"27":6,"28":2,"29":2,"30":1,"31":1,"32":1,"33":6,"34":4,"35":4,"36":4,"37":1,"38":1,"39":1,"40":3,"41":2,"42":2,"43":6,"44":2,"45":2,"46":1,"47":1,"48":6,"49":2,"50":2,"51":1,"52":1,"53":1,"54":1,"55":6},"f":{"0":4,"1":5,"2":2,"3":2,"4":4,"5":1,"6":2,"7":2},"b":{"0":[2,2],"1":[1,3],"2":[1,1],"3":[2,2]},"_coverageSchema":"1a1c01bbd47fc00a2c39e90264f33305004495a9","hash":"ba610c39b8ca7f91c497616ae51ba519115dcbca"}
}
