TN:
SF:app.js
FN:34,(anonymous_0)
FN:39,(anonymous_1)
FNF:2
FNH:2
FNDA:2,(anonymous_0)
FNDA:45,(anonymous_1)
DA:5,6
DA:6,6
DA:8,6
DA:10,6
DA:11,6
DA:12,6
DA:13,6
DA:14,6
DA:15,6
DA:17,6
DA:19,6
DA:21,6
DA:22,6
DA:23,6
DA:24,6
DA:26,6
DA:27,6
DA:28,6
DA:29,6
DA:30,6
DA:34,6
DA:35,2
DA:39,6
DA:40,45
DA:41,45
DA:42,45
DA:44,45
DA:49,6
LF:28
LH:28
BRDA:40,0,0,1
BRDA:40,0,1,44
BRDA:41,1,0,45
BRDA:41,1,1,15
BRF:4
BRH:4
end_of_record
TN:
SF:config.js
FN:15,getDatabaseUri
FNF:1
FNH:1
FNDA:24,getDatabaseUri
DA:5,13
DA:6,13
DA:7,13
DA:9,13
DA:11,13
DA:13,13
DA:16,24
DA:32,13
DA:34,13
DA:35,13
DA:36,13
DA:37,13
DA:38,13
DA:39,13
DA:41,13
LF:15
LH:15
BRDA:9,0,0,13
BRDA:9,0,1,12
BRDA:11,1,0,13
BRDA:11,1,1,12
BRDA:16,2,0,22
BRDA:16,2,1,2
BRDA:32,3,0,12
BRDA:32,3,1,1
BRF:8
BRH:8
end_of_record
TN:
SF:db.js
FNF:0
FNH:0
DA:3,10
DA:4,10
DA:8,10
DA:9,0
DA:16,10
DA:21,10
DA:23,10
LF:7
LH:6
BRDA:8,0,0,0
BRDA:8,0,1,10
BRF:2
BRH:1
end_of_record
TN:
SF:expressError.js
FN:8,(anonymous_0)
FN:18,(anonymous_1)
FN:26,(anonymous_2)
FN:34,(anonymous_3)
FN:42,(anonymous_4)
FNF:5
FNH:4
FNDA:49,(anonymous_0)
FNDA:23,(anonymous_1)
FNDA:5,(anonymous_2)
FNDA:21,(anonymous_3)
FNDA:0,(anonymous_4)
DA:9,49
DA:10,49
DA:11,49
DA:19,23
DA:27,5
DA:35,21
DA:43,0
DA:47,13
LF:8
LH:7
BRDA:18,0,0,2
BRDA:26,1,0,1
BRDA:34,2,0,0
BRDA:42,3,0,0
BRF:4
BRH:2
end_of_record
TN:
SF:helpers/sql.js
FN:10,sqlForPartialUpdate
FN:15,(anonymous_1)
FNF:2
FNH:2
FNDA:20,sqlForPartialUpdate
FNDA:36,(anonymous_1)
DA:1,10
DA:11,20
DA:12,20
DA:15,17
DA:16,36
DA:19,17
DA:25,10
LF:7
LH:7
BRDA:12,0,0,3
BRDA:12,0,1,17
BRDA:16,1,0,36
BRDA:16,1,1,22
BRF:4
BRH:4
end_of_record
TN:
SF:helpers/tokens.js
FN:6,createToken
FNF:1
FNH:1
FNDA:17,createToken
DA:1,7
DA:2,7
DA:7,17
DA:10,17
DA:15,17
DA:18,7
LF:6
LH:6
BRDA:12,0,0,17
BRDA:12,0,1,10
BRF:2
BRH:2
end_of_record
TN:
SF:helpers/where.js
FN:9,getWhere
FNF:1
FNH:1
FNDA:27,getWhere
DA:1,10
DA:10,27
DA:12,18
DA:13,18
DA:14,18
DA:16,18
DA:17,8
DA:18,4
DA:19,4
DA:20,4
DA:22,8
DA:23,4
DA:24,4
DA:25,4
DA:31,18
DA:32,3
DA:33,3
DA:34,3
DA:35,3
DA:38,18
DA:39,4
DA:40,4
DA:41,4
DA:46,18
DA:47,4
DA:48,4
DA:49,4
DA:50,4
DA:53,18
DA:54,3
DA:55,3
DA:59,18
DA:60,3
DA:61,3
DA:62,3
DA:63,3
DA:65,18
DA:66,1
DA:67,1
DA:68,1
DA:71,18
DA:74,10
LF:42
LH:42
BRDA:10,0,0,9
BRDA:10,0,1,18
BRDA:10,1,0,27
BRDA:10,1,1,24
BRDA:16,2,0,8
BRDA:16,2,1,10
BRDA:17,3,0,4
BRDA:17,3,1,4
BRDA:22,4,0,4
BRDA:22,4,1,4
BRDA:31,5,0,3
BRDA:31,5,1,15
BRDA:32,6,0,2
BRDA:32,6,1,1
BRDA:38,7,0,4
BRDA:38,7,1,14
BRDA:39,8,0,2
BRDA:39,8,1,2
BRDA:46,9,0,4
BRDA:46,9,1,14
BRDA:47,10,0,2
BRDA:47,10,1,2
BRDA:53,11,0,3
BRDA:53,11,1,15
BRDA:54,12,0,2
BRDA:54,12,1,1
BRDA:59,13,0,3
BRDA:59,13,1,15
BRDA:60,14,0,0
BRDA:60,14,1,3
BRDA:65,15,0,1
BRDA:65,15,1,17
BRDA:66,16,0,0
BRDA:66,16,1,1
BRF:34
BRH:32
end_of_record
TN:
SF:middleware/auth.js
FN:18,authenticateJWT
FN:36,ensureLoggedIn
FN:46,ensureAdmin
FNF:3
FNH:3
FNDA:75,authenticateJWT
FNDA:2,ensureLoggedIn
FNDA:46,ensureAdmin
DA:5,7
DA:6,7
DA:7,7
DA:19,75
DA:20,75
DA:21,75
DA:22,41
DA:23,41
DA:25,74
DA:27,1
DA:37,2
DA:38,2
DA:39,1
DA:41,1
DA:47,46
DA:48,46
DA:49,36
DA:51,10
DA:58,7
LF:19
LH:19
BRDA:20,0,0,75
BRDA:20,0,1,74
BRDA:21,1,0,41
BRDA:21,1,1,34
BRDA:38,2,0,1
BRDA:38,2,1,1
BRDA:48,3,0,0
BRDA:48,3,1,36
BRF:8
BRH:7
end_of_record
TN:
SF:models/_testCommon.js
FN:6,commonBeforeAll
FN:52,commonBeforeEach
FN:56,commonAfterEach
FN:60,commonAfterAll
FNF:4
FNH:4
FNDA:4,commonBeforeAll
FNDA:46,commonBeforeEach
FNDA:46,commonAfterEach
FNDA:4,commonAfterAll
DA:1,4
DA:3,4
DA:4,4
DA:8,4
DA:10,4
DA:12,4
DA:14,4
DA:20,4
DA:34,4
DA:43,4
DA:53,46
DA:57,46
DA:61,4
DA:65,4
LF:14
LH:14
BRF:0
BRH:0
end_of_record
TN:
SF:models/application.js
FN:16,(anonymous_0)
FN:38,(anonymous_1)
FN:60,(anonymous_2)
FNF:3
FNH:3
FNDA:2,(anonymous_0)
FNDA:7,(anonymous_1)
FNDA:4,(anonymous_2)
DA:2,7
DA:4,7
DA:5,7
DA:17,2
DA:27,2
DA:29,2
DA:39,7
DA:40,7
DA:41,7
DA:46,7
DA:47,6
DA:48,6
DA:49,6
DA:50,6
DA:61,4
DA:67,4
DA:69,4
DA:78,7
LF:18
LH:18
BRDA:69,0,0,2
BRDA:69,0,1,2
BRF:2
BRH:2
end_of_record
TN:
SF:models/company.js
FN:19,(anonymous_0)
FN:52,(anonymous_1)
FN:74,(anonymous_2)
FN:104,(anonymous_3)
FN:134,(anonymous_4)
FNF:5
FNH:5
FNDA:19,(anonymous_0)
FNDA:6,(anonymous_1)
FNDA:5,(anonymous_2)
FNDA:6,(anonymous_3)
FNDA:4,(anonymous_4)
DA:3,7
DA:4,7
DA:5,7
DA:6,7
DA:20,19
DA:26,19
DA:27,1
DA:29,18
DA:42,18
DA:44,18
DA:53,6
DA:54,6
DA:63,5
DA:75,5
DA:85,5
DA:87,5
DA:89,3
DA:105,6
DA:111,5
DA:113,5
DA:121,5
DA:122,5
DA:124,5
DA:126,3
DA:135,4
DA:141,4
DA:143,4
DA:148,7
LF:28
LH:28
BRDA:26,0,0,1
BRDA:26,0,1,18
BRDA:87,1,0,2
BRDA:87,1,1,3
BRDA:124,2,0,2
BRDA:124,2,1,3
BRDA:143,3,0,2
BRDA:143,3,1,2
BRF:8
BRH:8
end_of_record
TN:
SF:models/job.js
FN:17,(anonymous_0)
FN:42,(anonymous_1)
FN:63,(anonymous_2)
FN:89,(anonymous_3)
FN:120,(anonymous_4)
FN:146,(anonymous_5)
FNF:6
FNH:6
FNDA:2,(anonymous_0)
FNDA:6,(anonymous_1)
FNDA:4,(anonymous_2)
FNDA:4,(anonymous_3)
FNDA:6,(anonymous_4)
FNDA:4,(anonymous_5)
DA:2,7
DA:3,7
DA:4,7
DA:5,7
DA:6,7
DA:18,2
DA:19,2
DA:31,0
DA:33,0
DA:43,6
DA:44,6
DA:53,5
DA:64,4
DA:74,4
DA:76,4
DA:78,2
DA:90,4
DA:100,4
DA:102,4
DA:104,3
DA:121,6
DA:124,5
DA:132,5
DA:133,5
DA:135,5
DA:137,3
DA:147,4
DA:153,4
DA:155,4
DA:164,7
LF:30
LH:28
BRDA:18,0,0,0
BRDA:18,0,1,2
BRDA:76,1,0,2
BRDA:76,1,1,2
BRDA:102,2,0,1
BRDA:102,2,1,3
BRDA:135,3,0,2
BRDA:135,3,1,3
BRDA:155,4,0,2
BRDA:155,4,1,2
BRF:10
BRH:9
end_of_record
TN:
SF:models/user.js
FN:24,(anonymous_0)
FN:59,(anonymous_1)
FN:104,(anonymous_2)
FN:126,(anonymous_3)
FN:162,(anonymous_4)
FN:195,(anonymous_5)
FNF:6
FNH:6
FNDA:7,(anonymous_0)
FNDA:27,(anonymous_1)
FNDA:3,(anonymous_2)
FNDA:4,(anonymous_3)
FNDA:7,(anonymous_4)
FNDA:4,(anonymous_5)
DA:3,7
DA:4,7
DA:5,7
DA:10,7
DA:12,7
DA:26,7
DA:38,7
DA:40,7
DA:42,4
DA:43,4
DA:44,3
DA:45,3
DA:49,4
DA:61,27
DA:68,27
DA:69,1
DA:72,26
DA:74,26
DA:94,26
DA:96,26
DA:105,3
DA:115,2
DA:127,4
DA:138,4
DA:140,4
DA:142,2
DA:163,7
DA:164,2
DA:167,7
DA:174,6
DA:176,6
DA:184,6
DA:185,6
DA:187,6
DA:189,4
DA:190,4
DA:196,4
DA:203,4
DA:205,4
DA:210,7
LF:40
LH:40
BRDA:40,0,0,4
BRDA:40,0,1,3
BRDA:43,1,0,3
BRDA:43,1,1,1
BRDA:68,2,0,1
BRDA:68,2,1,26
BRDA:140,3,0,2
BRDA:140,3,1,2
BRDA:163,4,0,2
BRDA:163,4,1,5
BRDA:187,5,0,2
BRDA:187,5,1,4
BRDA:205,6,0,2
BRDA:205,6,1,2
BRF:14
BRH:14
end_of_record
TN:
SF:routes/_testCommon.js
FN:9,commonBeforeAll
FN:123,commonBeforeEach
FN:127,commonAfterEach
FN:131,commonAfterAll
FNF:4
FNH:4
FNDA:5,commonBeforeAll
FNDA:70,commonBeforeEach
FNDA:70,commonAfterEach
FNDA:5,commonAfterAll
DA:3,5
DA:4,5
DA:5,5
DA:6,5
DA:7,5
DA:11,5
DA:13,5
DA:15,5
DA:17,5
DA:25,5
DA:33,5
DA:42,5
DA:50,5
DA:58,5
DA:66,5
DA:107,5
DA:116,5
DA:124,70
DA:128,70
DA:132,5
DA:136,5
DA:137,5
DA:140,5
LF:23
LH:23
BRF:0
BRH:0
end_of_record
TN:
SF:routes/applications.js
FN:35,(anonymous_0)
FN:51,(anonymous_1)
FNF:2
FNH:2
FNDA:3,(anonymous_0)
FNDA:2,(anonymous_1)
DA:5,6
DA:6,6
DA:8,6
DA:9,6
DA:10,6
DA:11,6
DA:13,6
DA:15,6
DA:35,6
DA:36,3
DA:37,3
DA:38,2
DA:40,1
DA:51,6
DA:52,2
DA:53,2
DA:54,1
DA:56,1
DA:65,6
LF:19
LH:19
BRF:0
BRH:0
end_of_record
TN:
SF:routes/auth.js
FN:22,(anonymous_0)
FN:26,(anonymous_1)
FN:49,(anonymous_2)
FN:53,(anonymous_3)
FNF:4
FNH:4
FNDA:5,(anonymous_0)
FNDA:2,(anonymous_1)
FNDA:3,(anonymous_2)
FNDA:5,(anonymous_3)
DA:5,6
DA:7,6
DA:8,6
DA:9,6
DA:10,6
DA:11,6
DA:12,6
DA:13,6
DA:22,6
DA:23,5
DA:24,5
DA:25,5
DA:26,2
DA:27,2
DA:30,3
DA:31,3
DA:32,1
DA:33,1
DA:35,4
DA:49,6
DA:50,3
DA:51,3
DA:52,3
DA:53,5
DA:54,2
DA:57,1
DA:58,1
DA:59,1
DA:61,2
DA:66,6
LF:30
LH:30
BRDA:25,0,0,2
BRDA:25,0,1,3
BRDA:52,1,0,2
BRDA:52,1,1,1
BRF:4
BRH:4
end_of_record
TN:
SF:routes/companies.js
FN:29,(anonymous_0)
FN:33,(anonymous_1)
FN:56,(anonymous_2)
FN:79,(anonymous_3)
FN:101,(anonymous_4)
FN:105,(anonymous_5)
FN:121,(anonymous_6)
FNF:7
FNH:7
FNDA:3,(anonymous_0)
FNDA:3,(anonymous_1)
FNDA:4,(anonymous_2)
FNDA:3,(anonymous_3)
FNDA:4,(anonymous_4)
FNDA:2,(anonymous_5)
FNDA:2,(anonymous_6)
DA:5,6
DA:6,6
DA:8,6
DA:9,6
DA:10,6
DA:11,6
DA:12,6
DA:14,6
DA:15,6
DA:17,6
DA:29,6
DA:30,3
DA:31,3
DA:32,3
DA:33,3
DA:34,2
DA:37,1
DA:38,1
DA:40,2
DA:56,6
DA:57,4
DA:59,4
DA:61,0
DA:64,4
DA:65,3
DA:67,1
DA:79,6
DA:80,3
DA:81,3
DA:82,2
DA:83,2
DA:84,2
DA:86,1
DA:101,6
DA:102,4
DA:103,4
DA:104,4
DA:105,2
DA:106,2
DA:109,2
DA:110,1
DA:112,3
DA:121,6
DA:122,2
DA:123,2
DA:124,1
DA:126,1
DA:131,6
LF:48
LH:47
BRDA:32,0,0,2
BRDA:32,0,1,1
BRDA:59,1,0,0
BRDA:59,1,1,4
BRDA:59,2,0,4
BRDA:59,2,1,0
BRDA:59,2,2,0
BRDA:104,3,0,2
BRDA:104,3,1,2
BRF:9
BRH:6
end_of_record
TN:
SF:routes/jobs.js
FN:27,(anonymous_0)
FN:31,(anonymous_1)
FN:54,(anonymous_2)
FN:71,(anonymous_3)
FN:92,(anonymous_4)
FN:96,(anonymous_5)
FN:113,(anonymous_6)
FNF:7
FNH:7
FNDA:3,(anonymous_0)
FNDA:3,(anonymous_1)
FNDA:4,(anonymous_2)
FNDA:2,(anonymous_3)
FNDA:4,(anonymous_4)
FNDA:2,(anonymous_5)
FNDA:2,(anonymous_6)
DA:5,6
DA:6,6
DA:8,6
DA:9,6
DA:10,6
DA:11,6
DA:13,6
DA:14,6
DA:16,6
DA:27,6
DA:28,3
DA:29,3
DA:30,3
DA:31,3
DA:32,2
DA:34,1
DA:35,0
DA:37,3
DA:54,6
DA:55,4
DA:56,4
DA:57,3
DA:59,1
DA:71,6
DA:72,2
DA:73,2
DA:74,1
DA:76,1
DA:92,6
DA:93,4
DA:94,4
DA:95,4
DA:96,2
DA:97,2
DA:100,2
DA:101,1
DA:103,3
DA:113,6
DA:114,2
DA:115,2
DA:116,1
DA:118,1
DA:123,6
LF:43
LH:42
BRDA:30,0,0,2
BRDA:30,0,1,1
BRDA:95,1,0,2
BRDA:95,1,1,2
BRF:4
BRH:4
end_of_record
TN:
SF:routes/users.js
FN:32,(anonymous_0)
FN:36,(anonymous_1)
FN:56,(anonymous_2)
FN:73,(anonymous_3)
FN:95,(anonymous_4)
FN:99,(anonymous_5)
FN:116,(anonymous_6)
FN:139,(anonymous_7)
FNF:8
FNH:8
FNDA:4,(anonymous_0)
FNDA:5,(anonymous_1)
FNDA:2,(anonymous_2)
FNDA:2,(anonymous_3)
FNDA:4,(anonymous_4)
FNDA:1,(anonymous_5)
FNDA:2,(anonymous_6)
FNDA:2,(anonymous_7)
DA:5,6
DA:7,6
DA:8,6
DA:9,6
DA:10,6
DA:11,6
DA:12,6
DA:13,6
DA:14,6
DA:15,6
DA:17,6
DA:32,6
DA:33,4
DA:34,4
DA:35,4
DA:36,5
DA:37,2
DA:40,2
DA:41,2
DA:42,2
DA:44,2
DA:56,6
DA:57,2
DA:58,2
DA:59,1
DA:61,1
DA:73,6
DA:74,2
DA:75,2
DA:76,1
DA:77,1
DA:80,1
DA:95,6
DA:96,4
DA:97,4
DA:98,4
DA:99,1
DA:100,1
DA:103,3
DA:104,2
DA:106,2
DA:116,6
DA:117,2
DA:118,2
DA:119,1
DA:121,1
DA:139,6
DA:140,2
DA:146,2
DA:147,1
DA:149,1
DA:150,1
DA:152,1
DA:156,6
LF:54
LH:54
BRDA:35,0,0,2
BRDA:35,0,1,2
BRDA:98,1,0,1
BRDA:98,1,1,3
BRDA:146,2,0,1
BRDA:146,2,1,1
BRDA:146,3,0,2
BRDA:146,3,1,2
BRF:8
BRH:8
end_of_record
